<?xml version="1.0" encoding="UTF-8"?>
<robot generator="Robot 6.0.2 (Python 3.9.13 on win32)" generated="20260701 18:58:25.375" rpa="false" schemaversion="3">
<suite id="s1" name="DP_AutoTest" source="D:\WorkCode\DP\DP_AutoTest\IPTV_HENANYD_72\测试用例\功能测试\01_首页模板功能\测试.robot">
<kw name="启动应用" library="公共方法" type="SETUP">
<doc>盒端启用应用程序</doc>
<kw name="Register Keyword To Run On Failure" library="AppiumLibrary">
<arg>Nothing</arg>
<doc>Sets the keyword to execute when a AppiumLibrary keyword fails.</doc>
<msg timestamp="20260701 18:58:25.539" level="INFO">Nothing will be run on failure.</msg>
<status status="PASS" starttime="20260701 18:58:25.534" endtime="20260701 18:58:25.539"/>
</kw>
<kw name="Run Keyword If" library="BuiltIn">
<arg>${reconnet}==1</arg>
<arg>重新连接设备</arg>
<doc>Runs the given keyword with the given arguments, if ``condition`` is true.</doc>
<status status="PASS" starttime="20260701 18:58:25.539" endtime="20260701 18:58:25.539"/>
</kw>
<kw name="解除网络限速" library="专项测试">
<doc>网络限速配置</doc>
<kw name="Set Variable" library="BuiltIn">
<var>${adb_net_command1}</var>
<arg>tc qdisc del dev eth0 root;tc class del dev eth0 root</arg>
<doc>Returns the given values which can then be assigned to a variables.</doc>
<msg timestamp="20260701 18:58:25.539" level="INFO">${adb_net_command1} = tc qdisc del dev eth0 root;tc class del dev eth0 root</msg>
<status status="PASS" starttime="20260701 18:58:25.539" endtime="20260701 18:58:25.539"/>
</kw>
<kw name="Adb Shell Command" library="android_common">
<var>${info1}</var>
<arg>${adb_net_command1}</arg>
<msg timestamp="20260701 18:58:25.746" level="INFO">RTNETLINK answers: No such file or directory
RTNETLINK answers: No such file or directory</msg>
<msg timestamp="20260701 18:58:25.746" level="INFO">${info1} = (b'', b'RTNETLINK answers: No such file or directory\r\nRTNETLINK answers: No such file or directory\r\n')</msg>
<status status="PASS" starttime="20260701 18:58:25.539" endtime="20260701 18:58:25.746"/>
</kw>
<kw name="Log To Console" library="BuiltIn">
<arg>关闭限速</arg>
<doc>Logs the given message to the console.</doc>
<status status="PASS" starttime="20260701 18:58:25.747" endtime="20260701 18:58:25.747"/>
</kw>
<kw name="等待" library="公共方法">
<arg>${time}</arg>
<kw name="Sleep" library="BuiltIn">
<arg>${sec}</arg>
<doc>Pauses the test executed for the given time.</doc>
<msg timestamp="20260701 18:58:30.749" level="INFO">Slept 5 seconds</msg>
<status status="PASS" starttime="20260701 18:58:25.747" endtime="20260701 18:58:30.749"/>
</kw>
<status status="PASS" starttime="20260701 18:58:25.747" endtime="20260701 18:58:30.749"/>
</kw>
<status status="PASS" starttime="20260701 18:58:25.539" endtime="20260701 18:58:30.749"/>
</kw>
<for flavor="IN RANGE">
<var>${i}</var>
<value>3</value>
<iter>
<var name="${i}">0</var>
<kw name="清除历史上报数据" library="公共方法">
<doc>清除历史上报的数据</doc>
<kw name="Delete Data" library="TestLibrary">
<arg>${platform}</arg>
<status status="PASS" starttime="20260701 18:58:30.749" endtime="20260701 18:58:30.760"/>
</kw>
<status status="PASS" starttime="20260701 18:58:30.749" endtime="20260701 18:58:30.760"/>
</kw>
<kw name="清除设备缓存" library="公共方法">
<doc>清除设备缓存</doc>
<kw name="Set Variable" library="BuiltIn">
<var>${adb_clear_sync}</var>
<arg>adb shell sync</arg>
<doc>Returns the given values which can then be assigned to a variables.</doc>
<msg timestamp="20260701 18:58:30.761" level="INFO">${adb_clear_sync} = adb shell sync</msg>
<status status="PASS" starttime="20260701 18:58:30.761" endtime="20260701 18:58:30.761"/>
</kw>
<kw name="Set Variable" library="BuiltIn">
<var>${adb_clear_cache}</var>
<arg>adb shell "echo 3 &gt; /proc/sys/vm/drop_caches"</arg>
<doc>Returns the given values which can then be assigned to a variables.</doc>
<msg timestamp="20260701 18:58:30.761" level="INFO">${adb_clear_cache} = adb shell "echo 3 &gt; /proc/sys/vm/drop_caches"</msg>
<status status="PASS" starttime="20260701 18:58:30.761" endtime="20260701 18:58:30.761"/>
</kw>
<kw name="Set Variable" library="BuiltIn">
<var>${adb_pm_clear}</var>
<arg>adb shell pm clear ${app_package}</arg>
<doc>Returns the given values which can then be assigned to a variables.</doc>
<msg timestamp="20260701 18:58:30.761" level="INFO">${adb_pm_clear} = adb shell pm clear com.huawei.tvbox</msg>
<status status="PASS" starttime="20260701 18:58:30.761" endtime="20260701 18:58:30.761"/>
</kw>
<kw name="Cmd Command" library="android_common">
<var>${info0}</var>
<arg>${adb_clear_sync}</arg>
<msg timestamp="20260701 18:58:30.915" level="INFO">${info0} = </msg>
<status status="PASS" starttime="20260701 18:58:30.761" endtime="20260701 18:58:30.915"/>
</kw>
<kw name="Cmd Command" library="android_common">
<var>${info1}</var>
<arg>${adb_clear_cache}</arg>
<msg timestamp="20260701 18:58:31.186" level="INFO">${info1} = </msg>
<status status="PASS" starttime="20260701 18:58:30.915" endtime="20260701 18:58:31.186"/>
</kw>
<kw name="Run Keyword If" library="BuiltIn">
<var>${info2}</var>
<arg>${plugin_apk}==0 and ${hotup_apk}==0</arg>
<arg>cmd command</arg>
<arg>${adb_pm_clear}</arg>
<arg>ELSE</arg>
<arg>log to console</arg>
<arg>不清空缓存</arg>
<doc>Runs the given keyword with the given arguments, if ``condition`` is true.</doc>
<kw name="Cmd Command" library="android_common">
<arg>${adb_pm_clear}</arg>
<status status="PASS" starttime="20260701 18:58:31.187" endtime="20260701 18:58:31.769"/>
</kw>
<msg timestamp="20260701 18:58:31.769" level="INFO">${info2} = Success
</msg>
<status status="PASS" starttime="20260701 18:58:31.186" endtime="20260701 18:58:31.769"/>
</kw>
<kw name="Run Keyword If" library="BuiltIn">
<arg>${force_reboot}!=0</arg>
<arg>强制重启应用</arg>
<arg>ELSE</arg>
<arg>log to console</arg>
<arg>不强制重启应用</arg>
<doc>Runs the given keyword with the given arguments, if ``condition`` is true.</doc>
<kw name="Log To Console" library="BuiltIn">
<arg>不强制重启应用</arg>
<doc>Logs the given message to the console.</doc>
<status status="PASS" starttime="20260701 18:58:31.771" endtime="20260701 18:58:31.771"/>
</kw>
<status status="PASS" starttime="20260701 18:58:31.771" endtime="20260701 18:58:31.771"/>
</kw>
<status status="PASS" starttime="20260701 18:58:30.761" endtime="20260701 18:58:31.771"/>
</kw>
<kw name="home键" library="遥控按键">
<kw name="Run Keyword And Return Status" library="BuiltIn">
<arg>Press Keycode</arg>
<arg>3</arg>
<doc>Runs the given keyword with given arguments and returns the status as a Boolean value.</doc>
<kw name="Press Keycode" library="AppiumLibrary">
<arg>3</arg>
<doc>Sends a press of keycode to the device.</doc>
<msg timestamp="20260701 18:58:31.771" level="FAIL">No application is open</msg>
<status status="FAIL" starttime="20260701 18:58:31.771" endtime="20260701 18:58:31.772"/>
</kw>
<status status="PASS" starttime="20260701 18:58:31.771" endtime="20260701 18:58:31.772"/>
</kw>
<kw name="Sleep" library="BuiltIn">
<arg>2</arg>
<doc>Pauses the test executed for the given time.</doc>
<msg timestamp="20260701 18:58:33.773" level="INFO">Slept 2 seconds</msg>
<status status="PASS" starttime="20260701 18:58:31.772" endtime="20260701 18:58:33.773"/>
</kw>
<status status="PASS" starttime="20260701 18:58:31.771" endtime="20260701 18:58:33.773"/>
</kw>
<kw name="Log To Console" library="BuiltIn">
<arg>按了home键</arg>
<doc>Logs the given message to the console.</doc>
<status status="PASS" starttime="20260701 18:58:33.773" endtime="20260701 18:58:33.773"/>
</kw>
<kw name="等待" library="公共方法">
<arg>15</arg>
<kw name="Sleep" library="BuiltIn">
<arg>${sec}</arg>
<doc>Pauses the test executed for the given time.</doc>
<msg timestamp="20260701 18:58:48.776" level="INFO">Slept 15 seconds</msg>
<status status="PASS" starttime="20260701 18:58:33.774" endtime="20260701 18:58:48.776"/>
</kw>
<status status="PASS" starttime="20260701 18:58:33.773" endtime="20260701 18:58:48.776"/>
</kw>
<kw name="Open Application" library="AppiumLibrary">
<arg>http://${appium_server}/wd/hub</arg>
<arg>deviceName=${device_id}</arg>
<arg>platformName=Android</arg>
<arg>platformVersion=${platform_version}</arg>
<arg>appPackage=${appPackage}</arg>
<arg>noReset=true appActivity=${appActivity} appWaitActivity=${appActivity}</arg>
<arg>newCommandTimeout=1200</arg>
<arg>automationName=${automationName}</arg>
<arg>unicodeKeyboard=false</arg>
<arg>resetKeyboard=false</arg>
<arg>noReset=${noReset}</arg>
<arg>skipServerInstallation=true</arg>
<arg>skipDeviceInitialization=true</arg>
<doc>Opens a new application to given Appium server.
Capabilities of appium server, Android and iOS,
Please check https://github.com/appium/appium/blob/master/docs/en/writing-running-appium/server-args.md
| *Option*            | *Man.* | *Description*     |
| remote_url          | Yes    | Appium server url |
| alias               | no     | alias             |
| strict_ssl          | No     | allows you to send commands to an invalid certificate host like a self-signed one. |</doc>
<msg timestamp="20260701 18:58:58.592" level="FAIL">WebDriverException: Message: The instrumentation process cannot be initialized. Make sure the application under test does not crash and investigate the logcat output.
Stacktrace:
UnknownError: The instrumentation process cannot be initialized. Make sure the application under test does not crash and investigate the logcat output.
    at getResponseForW3CError (C:\Users\dong_\AppData\Roaming\npm\node_modules\appium\node_modules\@appium\base-driver\build\lib\protocol\errors.js:846:36)
    at asyncHandler (C:\Users\dong_\AppData\Roaming\npm\node_modules\appium\node_modules\@appium\base-driver\build\lib\protocol\protocol.js:485:77)
    at process.processTicksAndRejections (node:internal/process/task_queues:104:5)
The above error is caused by
Error: The instrumentation process cannot be initialized. Make sure the application under test does not crash and investigate the logcat output.
    at Object.errorWithException (C:\Users\dong_\AppData\Roaming\npm\node_modules\appium\node_modules\@appium\support\build\lib\logging.js:75:57)
    at UiAutomator2Server.startSession (file:///C:/Users/dong_/.appium/node_modules/appium-uiautomator2-driver/build/lib/uiautomator2-server/core.js:168:32)
    at async AndroidUiautomator2Driver.performExecution [as performSessionExecution] (file:///C:/Users/dong_/.appium/node_modules/appium-uiautomator2-driver/build/lib/uiautomator2-server/session.js:167:5)
    at async AndroidUiautomator2Driver.startSession [as startUiAutomator2Session] (file:///C:/Users/dong_/.appium/node_modules/appium-uiautomator2-driver/build/lib/uiautomator2-server/session.js:235:5)
    at async AndroidUiautomator2Driver.createSession (file:///C:/Users/dong_/.appium/node_modules/appium-uiautomator2-driver/build/lib/driver.js:295:28)
    at async AppiumDriver.createSession (C:\Users\dong_\AppData\Roaming\npm\node_modules\appium\build\lib\appium.js:271:44)
    at async runCommandPromise (C:\Users\dong_\AppData\Roaming\npm\node_modules\appium\node_modules\@appium\base-driver\build\lib\basedriver\driver.js:119:24)
    at async AppiumDriver.executeCommand (C:\Users\dong_\AppData\Roaming\npm\node_modules\appium\node_modules\@appium\base-driver\build\lib\basedriver\driver.js:162:15)
    at async defaultBehavior (C:\Users\dong_\AppData\Roaming\npm\node_modules\appium\build\lib\appium.js:582:24)
    at async AppiumDriver.executeWrappedCommand (C:\Users\dong_\AppData\Roaming\npm\node_modules\appium\build\lib\appium.js:694:22)
    at async AppiumDriver.executeCommand (C:\Users\dong_\AppData\Roaming\npm\node_modules\appium\build\lib\appium.js:598:21)
    at async asyncHandler (C:\Users\dong_\AppData\Roaming\npm\node_modules\appium\node_modules\@appium\base-driver\build\lib\protocol\protocol.js:401:25)</msg>
<status status="FAIL" starttime="20260701 18:58:48.776" endtime="20260701 18:58:58.593"/>
</kw>
<kw name="Run Keyword If" library="BuiltIn">
<arg>${zhengqi_apk}!=0</arg>
<arg>home键</arg>
<doc>Runs the given keyword with the given arguments, if ``condition`` is true.</doc>
<status status="NOT RUN" starttime="20260701 18:58:58.593" endtime="20260701 18:58:58.593"/>
</kw>
<kw name="Log To Console" library="BuiltIn">
<arg>按了home键</arg>
<doc>Logs the given message to the console.</doc>
<status status="NOT RUN" starttime="20260701 18:58:58.593" endtime="20260701 18:58:58.594"/>
</kw>
<kw name="Run Keyword If" library="BuiltIn">
<arg>${zhengqi_apk}!=0</arg>
<arg>从政企进入首页</arg>
<doc>Runs the given keyword with the given arguments, if ``condition`` is true.</doc>
<status status="NOT RUN" starttime="20260701 18:58:58.594" endtime="20260701 18:58:58.594"/>
</kw>
<kw name="检查是否进入首页并关闭广告" library="公共方法">
<status status="NOT RUN" starttime="20260701 18:58:58.594" endtime="20260701 18:58:58.594"/>
</kw>
<kw name="Run Keyword And Return Status" library="BuiltIn">
<var>${statusValue1}</var>
<arg>等待页面出现内容描述信息</arg>
<arg>少儿频道</arg>
<arg>1</arg>
<doc>Runs the given keyword with given arguments and returns the status as a Boolean value.</doc>
<status status="NOT RUN" starttime="20260701 18:58:58.594" endtime="20260701 18:58:58.594"/>
</kw>
<kw name="Run Keyword And Return Status" library="BuiltIn">
<var>${statusValue2}</var>
<arg>等待页面出现内容描述信息</arg>
<arg>电竞</arg>
<arg>1</arg>
<doc>Runs the given keyword with given arguments and returns the status as a Boolean value.</doc>
<status status="NOT RUN" starttime="20260701 18:58:58.594" endtime="20260701 18:58:58.594"/>
</kw>
<kw name="Run Keyword And Return Status" library="BuiltIn">
<var>${statusValue3}</var>
<arg>等待页面出现内容描述信息</arg>
<arg>二级菜单</arg>
<arg>1</arg>
<doc>Runs the given keyword with given arguments and returns the status as a Boolean value.</doc>
<status status="NOT RUN" starttime="20260701 18:58:58.594" endtime="20260701 18:58:58.594"/>
</kw>
<kw name="Run Keyword If" library="BuiltIn">
<arg>${statusValue1}==True and ${statusValue2}==True and ${statusValue3}==True</arg>
<arg>exit for loop</arg>
<arg>ELSE</arg>
<arg>Run Keywords</arg>
<arg>log to console</arg>
<arg>启动异常，重新启动</arg>
<arg>AND</arg>
<arg>设置本地映射</arg>
<arg>enable</arg>
<arg>AND</arg>
<arg>退出应用</arg>
<doc>Runs the given keyword with the given arguments, if ``condition`` is true.</doc>
<status status="NOT RUN" starttime="20260701 18:58:58.594" endtime="20260701 18:58:58.594"/>
</kw>
<status status="FAIL" starttime="20260701 18:58:30.749" endtime="20260701 18:58:58.594"/>
</iter>
<status status="FAIL" starttime="20260701 18:58:30.749" endtime="20260701 18:58:58.594"/>
</for>
<status status="FAIL" starttime="20260701 18:58:25.534" endtime="20260701 18:58:58.594"/>
</kw>
<test id="s1-t1" name=" case_005 新直播居中模板页面检查" line="14">
<doc>首页通栏模板-新直播居中模板 common_live_mid2_template</doc>
<tag>smoke</tag>
<status status="FAIL" starttime="20260701 18:58:58.594" endtime="20260701 18:58:58.595">Parent suite setup failed:
WebDriverException: Message: The instrumentation process cannot be initialized. Make sure the application under test does not crash and investigate the logcat output.
Stacktrace:
UnknownError: The instrumentation process cannot be initialized. Make sure the application under test does not crash and investigate the logcat output.
    at getResponseForW3CError (C:\Users\dong_\AppData\Roaming\npm\node_modules\appium\node_modules\@appium\base-driver\build\lib\protocol\errors.js:846:36)
    at asyncHandler (C:\Users\dong_\AppData\Roaming\npm\node_modules\appium\node_modules\@appium\base-driver\build\lib\protocol\protocol.js:485:77)
    at process.processTicksAndRejections (node:internal/process/task_queues:104:5)
The above error is caused by
Error: The instrumentation process cannot be initialized. Make sure the application under test does not crash and investigate the logcat output.
    at Object.errorWithException (C:\Users\dong_\AppData\Roaming\npm\node_modules\appium\node_modules\@appium\support\build\lib\logging.js:75:57)
    at UiAutomator2Server.startSession (file:///C:/Users/dong_/.appium/node_modules/appium-uiautomator2-driver/build/lib/uiautomator2-server/core.js:168:32)
    at async AndroidUiautomator2Driver.performExecution [as performSessionE...
    [ Message content over the limit has been removed. ]
...ion [as startUiAutomator2Session] (file:///C:/Users/dong_/.appium/node_modules/appium-uiautomator2-driver/build/lib/uiautomator2-server/session.js:235:5)
    at async AndroidUiautomator2Driver.createSession (file:///C:/Users/dong_/.appium/node_modules/appium-uiautomator2-driver/build/lib/driver.js:295:28)
    at async AppiumDriver.createSession (C:\Users\dong_\AppData\Roaming\npm\node_modules\appium\build\lib\appium.js:271:44)
    at async runCommandPromise (C:\Users\dong_\AppData\Roaming\npm\node_modules\appium\node_modules\@appium\base-driver\build\lib\basedriver\driver.js:119:24)
    at async AppiumDriver.executeCommand (C:\Users\dong_\AppData\Roaming\npm\node_modules\appium\node_modules\@appium\base-driver\build\lib\basedriver\driver.js:162:15)
    at async defaultBehavior (C:\Users\dong_\AppData\Roaming\npm\node_modules\appium\build\lib\appium.js:582:24)
    at async AppiumDriver.executeWrappedCommand (C:\Users\dong_\AppData\Roaming\npm\node_modules\appium\build\lib\appium.js:694:22)
    at async AppiumDriver.executeCommand (C:\Users\dong_\AppData\Roaming\npm\node_modules\appium\build\lib\appium.js:598:21)
    at async asyncHandler (C:\Users\dong_\AppData\Roaming\npm\node_modules\appium\node_modules\@appium\base-driver\build\lib\protocol\protocol.js:401:25)</status>
</test>
<kw name="退出应用" library="公共方法" type="TEARDOWN">
<doc>盒端退出应用程序</doc>
<kw name="解除网络限速" library="专项测试">
<doc>网络限速配置</doc>
<kw name="Set Variable" library="BuiltIn">
<var>${adb_net_command1}</var>
<arg>tc qdisc del dev eth0 root;tc class del dev eth0 root</arg>
<doc>Returns the given values which can then be assigned to a variables.</doc>
<msg timestamp="20260701 18:58:58.595" level="INFO">${adb_net_command1} = tc qdisc del dev eth0 root;tc class del dev eth0 root</msg>
<status status="PASS" starttime="20260701 18:58:58.595" endtime="20260701 18:58:58.595"/>
</kw>
<kw name="Adb Shell Command" library="android_common">
<var>${info1}</var>
<arg>${adb_net_command1}</arg>
<msg timestamp="20260701 18:58:58.708" level="INFO">RTNETLINK answers: No such file or directory
RTNETLINK answers: No such file or directory</msg>
<msg timestamp="20260701 18:58:58.708" level="INFO">${info1} = (b'', b'RTNETLINK answers: No such file or directory\r\nRTNETLINK answers: No such file or directory\r\n')</msg>
<status status="PASS" starttime="20260701 18:58:58.595" endtime="20260701 18:58:58.708"/>
</kw>
<kw name="Log To Console" library="BuiltIn">
<arg>关闭限速</arg>
<doc>Logs the given message to the console.</doc>
<status status="PASS" starttime="20260701 18:58:58.709" endtime="20260701 18:58:58.709"/>
</kw>
<kw name="等待" library="公共方法">
<arg>${time}</arg>
<kw name="Sleep" library="BuiltIn">
<arg>${sec}</arg>
<doc>Pauses the test executed for the given time.</doc>
<msg timestamp="20260701 18:59:03.714" level="INFO">Slept 5 seconds</msg>
<status status="PASS" starttime="20260701 18:58:58.709" endtime="20260701 18:59:03.714"/>
</kw>
<status status="PASS" starttime="20260701 18:58:58.709" endtime="20260701 18:59:03.714"/>
</kw>
<status status="PASS" starttime="20260701 18:58:58.595" endtime="20260701 18:59:03.714"/>
</kw>
<kw name="Run Keyword And Return Status" library="BuiltIn">
<var>${status_value}</var>
<arg>Close Application</arg>
<doc>Runs the given keyword with given arguments and returns the status as a Boolean value.</doc>
<kw name="Close Application" library="AppiumLibrary">
<doc>Closes the current application and also close webdriver session.</doc>
<msg timestamp="20260701 18:59:03.714" level="FAIL">No application is open</msg>
<status status="FAIL" starttime="20260701 18:59:03.714" endtime="20260701 18:59:03.714"/>
</kw>
<msg timestamp="20260701 18:59:03.714" level="INFO">${status_value} = False</msg>
<status status="PASS" starttime="20260701 18:59:03.714" endtime="20260701 18:59:03.714"/>
</kw>
<kw name="Run Keyword If" library="BuiltIn">
<arg>${status_value}</arg>
<arg>log</arg>
<arg>应用关闭成功</arg>
<arg>ELSE</arg>
<arg>log</arg>
<arg>应用关闭失败</arg>
<doc>Runs the given keyword with the given arguments, if ``condition`` is true.</doc>
<kw name="Log" library="BuiltIn">
<arg>应用关闭失败</arg>
<doc>Logs the given message with the given level.</doc>
<msg timestamp="20260701 18:59:03.716" level="INFO">应用关闭失败</msg>
<status status="PASS" starttime="20260701 18:59:03.714" endtime="20260701 18:59:03.716"/>
</kw>
<status status="PASS" starttime="20260701 18:59:03.714" endtime="20260701 18:59:03.716"/>
</kw>
<status status="PASS" starttime="20260701 18:58:58.595" endtime="20260701 18:59:03.716"/>
</kw>
<doc>Suite description</doc>
<status status="FAIL" starttime="20260701 18:58:25.376" endtime="20260701 18:59:03.716">Suite setup failed:
WebDriverException: Message: The instrumentation process cannot be initialized. Make sure the application under test does not crash and investigate the logcat output.
Stacktrace:
UnknownError: The instrumentation process cannot be initialized. Make sure the application under test does not crash and investigate the logcat output.
    at getResponseForW3CError (C:\Users\dong_\AppData\Roaming\npm\node_modules\appium\node_modules\@appium\base-driver\build\lib\protocol\errors.js:846:36)
    at asyncHandler (C:\Users\dong_\AppData\Roaming\npm\node_modules\appium\node_modules\@appium\base-driver\build\lib\protocol\protocol.js:485:77)
    at process.processTicksAndRejections (node:internal/process/task_queues:104:5)
The above error is caused by
Error: The instrumentation process cannot be initialized. Make sure the application under test does not crash and investigate the logcat output.
    at Object.errorWithException (C:\Users\dong_\AppData\Roaming\npm\node_modules\appium\node_modules\@appium\support\build\lib\logging.js:75:57)
    at UiAutomator2Server.startSession (file:///C:/Users/dong_/.appium/node_modules/appium-uiautomator2-driver/build/lib/uiautomator2-server/core.js:168:32)
    at async AndroidUiautomator2Driver.performExecution [as performSessionE...
    [ Message content over the limit has been removed. ]
...ion [as startUiAutomator2Session] (file:///C:/Users/dong_/.appium/node_modules/appium-uiautomator2-driver/build/lib/uiautomator2-server/session.js:235:5)
    at async AndroidUiautomator2Driver.createSession (file:///C:/Users/dong_/.appium/node_modules/appium-uiautomator2-driver/build/lib/driver.js:295:28)
    at async AppiumDriver.createSession (C:\Users\dong_\AppData\Roaming\npm\node_modules\appium\build\lib\appium.js:271:44)
    at async runCommandPromise (C:\Users\dong_\AppData\Roaming\npm\node_modules\appium\node_modules\@appium\base-driver\build\lib\basedriver\driver.js:119:24)
    at async AppiumDriver.executeCommand (C:\Users\dong_\AppData\Roaming\npm\node_modules\appium\node_modules\@appium\base-driver\build\lib\basedriver\driver.js:162:15)
    at async defaultBehavior (C:\Users\dong_\AppData\Roaming\npm\node_modules\appium\build\lib\appium.js:582:24)
    at async AppiumDriver.executeWrappedCommand (C:\Users\dong_\AppData\Roaming\npm\node_modules\appium\build\lib\appium.js:694:22)
    at async AppiumDriver.executeCommand (C:\Users\dong_\AppData\Roaming\npm\node_modules\appium\build\lib\appium.js:598:21)
    at async asyncHandler (C:\Users\dong_\AppData\Roaming\npm\node_modules\appium\node_modules\@appium\base-driver\build\lib\protocol\protocol.js:401:25)</status>
</suite>
<statistics>
<total>
<stat pass="0" fail="1" skip="0">All Tests</stat>
</total>
<tag>
<stat pass="0" fail="1" skip="0">smoke</stat>
</tag>
<suite>
<stat pass="0" fail="1" skip="0" id="s1" name="DP_AutoTest">DP_AutoTest</stat>
</suite>
</statistics>
<errors>
</errors>
</robot>
