<?xml version="1.0" encoding="UTF-8"?>
<robot generator="Robot 7.4.2 (Python 3.9.13 on win32)" generated="2026-07-14T15:18:23.104298" rpa="false" schemaversion="5">
<suite id="s1" name="DP_AutoTest" source="D:\WorkCode\DP\DP_AutoTest\IPTV_HENANYD_72\测试用例\功能测试\01_首页模板功能\测试.robot">
<kw name="启动应用" owner="公共方法" type="SETUP">
<kw name="Register Keyword To Run On Failure" owner="AppiumLibrary">
<msg time="2026-07-14T15:18:23.462967" level="INFO">Nothing will be run on failure.</msg>
<arg>Nothing</arg>
<doc>Sets the keyword to be executed when an AppiumLibrary keyword fails.</doc>
<status status="PASS" start="2026-07-14T15:18:23.456188" elapsed="0.006779"/>
</kw>
<kw name="Run Keyword If" owner="BuiltIn">
<arg>${reconnet}==1</arg>
<arg>重新连接设备</arg>
<doc>Runs the given keyword with the given arguments, if ``condition`` is true.</doc>
<status status="PASS" start="2026-07-14T15:18:23.462967" elapsed="0.001000"/>
</kw>
<kw name="解除网络限速" owner="专项测试">
<kw name="Set Variable" owner="BuiltIn">
<msg time="2026-07-14T15:18:23.463967" level="INFO">${adb_net_command1} = tc qdisc del dev eth0 root;tc class del dev eth0 root</msg>
<var>${adb_net_command1}</var>
<arg>tc qdisc del dev eth0 root;tc class del dev eth0 root</arg>
<doc>Returns the given values which can then be assigned to a variables.</doc>
<status status="PASS" start="2026-07-14T15:18:23.463967" elapsed="0.000000"/>
</kw>
<kw name="Adb Shell Command" owner="android_common">
<msg time="2026-07-14T15:18:23.731849" level="INFO">RTNETLINK answers: No such file or directory
RTNETLINK answers: No such file or directory</msg>
<msg time="2026-07-14T15:18:23.731849" level="INFO">${info1} = (b'', b'RTNETLINK answers: No such file or directory\r\nRTNETLINK answers: No such file or directory\r\n')</msg>
<var>${info1}</var>
<arg>${adb_net_command1}</arg>
<status status="PASS" start="2026-07-14T15:18:23.464966" elapsed="0.266883"/>
</kw>
<kw name="Log To Console" owner="BuiltIn">
<arg>关闭限速</arg>
<doc>Logs the given message to the console.</doc>
<status status="PASS" start="2026-07-14T15:18:23.731849" elapsed="0.001247"/>
</kw>
<kw name="等待" owner="公共方法">
<kw name="Sleep" owner="BuiltIn">
<msg time="2026-07-14T15:18:28.741792" level="INFO">Slept 5 seconds.</msg>
<arg>${sec}</arg>
<doc>Pauses the test executed for the given time.</doc>
<status status="PASS" start="2026-07-14T15:18:23.733096" elapsed="5.008696"/>
</kw>
<arg>${time}</arg>
<status status="PASS" start="2026-07-14T15:18:23.733096" elapsed="5.008696"/>
</kw>
<doc>网络限速配置</doc>
<status status="PASS" start="2026-07-14T15:18:23.463967" elapsed="5.277825"/>
</kw>
<for flavor="IN RANGE">
<iter>
<kw name="清除历史上报数据" owner="公共方法">
<kw name="Delete Data" owner="TestLibrary">
<arg>${platform}</arg>
<status status="PASS" start="2026-07-14T15:18:28.742796" elapsed="0.023361"/>
</kw>
<doc>清除历史上报的数据</doc>
<status status="PASS" start="2026-07-14T15:18:28.741792" elapsed="0.024365"/>
</kw>
<kw name="清除设备缓存" owner="公共方法">
<kw name="Set Variable" owner="BuiltIn">
<msg time="2026-07-14T15:18:28.767176" level="INFO">${adb_clear_sync} = adb shell sync</msg>
<var>${adb_clear_sync}</var>
<arg>adb shell sync</arg>
<doc>Returns the given values which can then be assigned to a variables.</doc>
<status status="PASS" start="2026-07-14T15:18:28.767176" elapsed="0.000000"/>
</kw>
<kw name="Set Variable" owner="BuiltIn">
<msg time="2026-07-14T15:18:28.767841" level="INFO">${adb_clear_cache} = adb shell "echo 3 &gt; /proc/sys/vm/drop_caches"</msg>
<var>${adb_clear_cache}</var>
<arg>adb shell "echo 3 &gt; /proc/sys/vm/drop_caches"</arg>
<doc>Returns the given values which can then be assigned to a variables.</doc>
<status status="PASS" start="2026-07-14T15:18:28.767176" elapsed="0.000665"/>
</kw>
<kw name="Set Variable" owner="BuiltIn">
<msg time="2026-07-14T15:18:28.767841" level="INFO">${adb_pm_clear} = adb shell pm clear com.huawei.tvbox</msg>
<var>${adb_pm_clear}</var>
<arg>adb shell pm clear ${app_package}</arg>
<doc>Returns the given values which can then be assigned to a variables.</doc>
<status status="PASS" start="2026-07-14T15:18:28.767841" elapsed="0.000000"/>
</kw>
<kw name="Cmd Command" owner="android_common">
<msg time="2026-07-14T15:18:29.026957" level="INFO">${info0} = </msg>
<var>${info0}</var>
<arg>${adb_clear_sync}</arg>
<status status="PASS" start="2026-07-14T15:18:28.768354" elapsed="0.258603"/>
</kw>
<kw name="Cmd Command" owner="android_common">
<msg time="2026-07-14T15:18:30.046495" level="INFO">${info1} = </msg>
<var>${info1}</var>
<arg>${adb_clear_cache}</arg>
<status status="PASS" start="2026-07-14T15:18:29.026957" elapsed="1.019538"/>
</kw>
<kw name="Run Keyword If" owner="BuiltIn">
<kw name="Cmd Command" owner="android_common">
<arg>${adb_pm_clear}</arg>
<status status="PASS" start="2026-07-14T15:18:30.046495" elapsed="1.027715"/>
</kw>
<msg time="2026-07-14T15:18:31.074210" level="INFO">${info2} = Success
</msg>
<var>${info2}</var>
<arg>${plugin_apk}==0 and ${hotup_apk}==0</arg>
<arg>cmd command</arg>
<arg>${adb_pm_clear}</arg>
<arg>ELSE</arg>
<arg>log to console</arg>
<arg>不清空缓存</arg>
<doc>Runs the given keyword with the given arguments, if ``condition`` is true.</doc>
<status status="PASS" start="2026-07-14T15:18:30.046495" elapsed="1.028715"/>
</kw>
<kw name="Run Keyword If" owner="BuiltIn">
<kw name="Log To Console" owner="BuiltIn">
<arg>不强制重启应用</arg>
<doc>Logs the given message to the console.</doc>
<status status="PASS" start="2026-07-14T15:18:31.075210" elapsed="0.000000"/>
</kw>
<arg>${force_reboot}!=0</arg>
<arg>强制重启应用</arg>
<arg>ELSE</arg>
<arg>log to console</arg>
<arg>不强制重启应用</arg>
<doc>Runs the given keyword with the given arguments, if ``condition`` is true.</doc>
<status status="PASS" start="2026-07-14T15:18:31.075210" elapsed="0.000000"/>
</kw>
<doc>清除设备缓存</doc>
<status status="PASS" start="2026-07-14T15:18:28.766157" elapsed="2.309053"/>
</kw>
<kw name="等待" owner="公共方法">
<kw name="Sleep" owner="BuiltIn">
<msg time="2026-07-14T15:18:46.077102" level="INFO">Slept 15 seconds.</msg>
<arg>${sec}</arg>
<doc>Pauses the test executed for the given time.</doc>
<status status="PASS" start="2026-07-14T15:18:31.076209" elapsed="15.000893"/>
</kw>
<arg>15</arg>
<status status="PASS" start="2026-07-14T15:18:31.076209" elapsed="15.000893"/>
</kw>
<kw name="Open Application" owner="AppiumLibrary">
<arg>http://${appium_server}/wd/hub</arg>
<arg>deviceName=${device_id}</arg>
<arg>platformName=Android</arg>
<arg>platformVersion=${platform_version}</arg>
<arg>appPackage=${appPackage}</arg>
<arg>noReset=true appActivity=${appActivity} appWaitActivity=${appActivity}</arg>
<arg>newCommandTimeout=1200</arg>
<arg>automationName=${automationName}</arg>
<arg>unicodeKeyboard=false</arg>
<arg>resetKeyboard=false</arg>
<arg>noReset=${noReset}</arg>
<doc>Opens a new application to the given Appium server.
Capabilities of appium server, Android and iOS,
Please check https://appium.io/docs/en/2.19/guides/caps/
| *Option*            | *Man.* | *Description*     |
| remote_url          | Yes    | Appium server url |
| alias               | No     | alias             |</doc>
<status status="PASS" start="2026-07-14T15:18:46.077102" elapsed="18.418526"/>
</kw>
<kw name="Run Keyword If" owner="BuiltIn">
<arg>${zhengqi_apk}!=0</arg>
<arg>home键</arg>
<doc>Runs the given keyword with the given arguments, if ``condition`` is true.</doc>
<status status="PASS" start="2026-07-14T15:19:04.495628" elapsed="0.001408"/>
</kw>
<kw name="Home键">
<msg time="2026-07-14T15:19:04.497036" level="FAIL">Multiple keywords with name 'Home键' found. Give the full name of the keyword you want to use:
    遥控按键.home键
    遥控按键.home键</msg>
<status status="FAIL" start="2026-07-14T15:19:04.497036" elapsed="0.000000">Multiple keywords with name 'Home键' found. Give the full name of the keyword you want to use:
    遥控按键.home键
    遥控按键.home键</status>
</kw>
<kw name="Log To Console" owner="BuiltIn">
<arg>按了home键</arg>
<doc>Logs the given message to the console.</doc>
<status status="NOT RUN" start="2026-07-14T15:19:04.497036" elapsed="0.000000"/>
</kw>
<kw name="Run Keyword If" owner="BuiltIn">
<arg>${zhengqi_apk}!=0</arg>
<arg>从政企进入首页</arg>
<doc>Runs the given keyword with the given arguments, if ``condition`` is true.</doc>
<status status="NOT RUN" start="2026-07-14T15:19:04.497036" elapsed="0.000000"/>
</kw>
<kw name="检查是否进入首页并关闭广告" owner="公共方法">
<status status="NOT RUN" start="2026-07-14T15:19:04.497036" elapsed="0.000000"/>
</kw>
<kw name="Run Keyword And Return Status" owner="BuiltIn">
<var>${statusValue1}</var>
<arg>等待页面出现内容描述信息</arg>
<arg>少儿频道</arg>
<arg>1</arg>
<doc>Runs the specified keyword and returns the status as a Boolean value.</doc>
<status status="NOT RUN" start="2026-07-14T15:19:04.497036" elapsed="0.000000"/>
</kw>
<kw name="Run Keyword And Return Status" owner="BuiltIn">
<var>${statusValue2}</var>
<arg>等待页面出现内容描述信息</arg>
<arg>电竞</arg>
<arg>1</arg>
<doc>Runs the specified keyword and returns the status as a Boolean value.</doc>
<status status="NOT RUN" start="2026-07-14T15:19:04.497036" elapsed="0.000000"/>
</kw>
<kw name="Run Keyword And Return Status" owner="BuiltIn">
<var>${statusValue3}</var>
<arg>等待页面出现内容描述信息</arg>
<arg>二级菜单</arg>
<arg>1</arg>
<doc>Runs the specified keyword and returns the status as a Boolean value.</doc>
<status status="NOT RUN" start="2026-07-14T15:19:04.497036" elapsed="0.000000"/>
</kw>
<kw name="Run Keyword If" owner="BuiltIn">
<arg>${statusValue1}==True and ${statusValue2}==True and ${statusValue3}==True</arg>
<arg>exit for loop</arg>
<arg>ELSE</arg>
<arg>Run Keywords</arg>
<arg>log to console</arg>
<arg>启动异常，重新启动</arg>
<arg>AND</arg>
<arg>设置本地映射</arg>
<arg>enable</arg>
<arg>AND</arg>
<arg>退出应用</arg>
<doc>Runs the given keyword with the given arguments, if ``condition`` is true.</doc>
<status status="NOT RUN" start="2026-07-14T15:19:04.497036" elapsed="0.000000"/>
</kw>
<var name="${i}">0</var>
<status status="FAIL" start="2026-07-14T15:18:28.741792" elapsed="35.755244">Multiple keywords with name 'Home键' found. Give the full name of the keyword you want to use:
    遥控按键.home键
    遥控按键.home键</status>
</iter>
<var>${i}</var>
<value>3</value>
<status status="FAIL" start="2026-07-14T15:18:28.741792" elapsed="35.755244">Multiple keywords with name 'Home键' found. Give the full name of the keyword you want to use:
    遥控按键.home键
    遥控按键.home键</status>
</for>
<doc>盒端启用应用程序</doc>
<status status="FAIL" start="2026-07-14T15:18:23.455151" elapsed="41.041885">Multiple keywords with name 'Home键' found. Give the full name of the keyword you want to use:
    遥控按键.home键
    遥控按键.home键</status>
</kw>
<test id="s1-t1" name=" case_005 新直播居中模板页面检查" line="14">
<doc>首页通栏模板-新直播居中模板  common_live_mid2_template</doc>
<tag>smoke</tag>
<status status="FAIL" start="2026-07-14T15:19:04.498529" elapsed="0.000000">Parent suite setup failed:
Multiple keywords with name 'Home键' found. Give the full name of the keyword you want to use:
    遥控按键.home键
    遥控按键.home键</status>
</test>
<kw name="退出应用" owner="公共方法" type="TEARDOWN">
<kw name="解除网络限速" owner="专项测试">
<kw name="Set Variable" owner="BuiltIn">
<msg time="2026-07-14T15:19:04.499971" level="INFO">${adb_net_command1} = tc qdisc del dev eth0 root;tc class del dev eth0 root</msg>
<var>${adb_net_command1}</var>
<arg>tc qdisc del dev eth0 root;tc class del dev eth0 root</arg>
<doc>Returns the given values which can then be assigned to a variables.</doc>
<status status="PASS" start="2026-07-14T15:19:04.499971" elapsed="0.000000"/>
</kw>
<kw name="Adb Shell Command" owner="android_common">
<msg time="2026-07-14T15:19:04.765856" level="INFO">RTNETLINK answers: No such file or directory
RTNETLINK answers: No such file or directory</msg>
<msg time="2026-07-14T15:19:04.765856" level="INFO">${info1} = (b'', b'RTNETLINK answers: No such file or directory\r\nRTNETLINK answers: No such file or directory\r\n')</msg>
<var>${info1}</var>
<arg>${adb_net_command1}</arg>
<status status="PASS" start="2026-07-14T15:19:04.499971" elapsed="0.265885"/>
</kw>
<kw name="Log To Console" owner="BuiltIn">
<arg>关闭限速</arg>
<doc>Logs the given message to the console.</doc>
<status status="PASS" start="2026-07-14T15:19:04.766871" elapsed="0.000000"/>
</kw>
<kw name="等待" owner="公共方法">
<kw name="Sleep" owner="BuiltIn">
<msg time="2026-07-14T15:19:09.776833" level="INFO">Slept 5 seconds.</msg>
<arg>${sec}</arg>
<doc>Pauses the test executed for the given time.</doc>
<status status="PASS" start="2026-07-14T15:19:04.767382" elapsed="5.009451"/>
</kw>
<arg>${time}</arg>
<status status="PASS" start="2026-07-14T15:19:04.767382" elapsed="5.009451"/>
</kw>
<doc>网络限速配置</doc>
<status status="PASS" start="2026-07-14T15:19:04.498529" elapsed="5.278304"/>
</kw>
<kw name="Run Keyword And Return Status" owner="BuiltIn">
<kw name="Close Application" owner="AppiumLibrary">
<doc>Closes the current application and the webdriver session.</doc>
<status status="PASS" start="2026-07-14T15:19:09.777570" elapsed="0.925720"/>
</kw>
<msg time="2026-07-14T15:19:10.703290" level="INFO">${status_value} = True</msg>
<var>${status_value}</var>
<arg>Close Application</arg>
<doc>Runs the specified keyword and returns the status as a Boolean value.</doc>
<status status="PASS" start="2026-07-14T15:19:09.777570" elapsed="0.925720"/>
</kw>
<kw name="Run Keyword If" owner="BuiltIn">
<kw name="Log" owner="BuiltIn">
<msg time="2026-07-14T15:19:10.703290" level="INFO">应用关闭成功</msg>
<arg>应用关闭成功</arg>
<doc>Logs the given message with the given level.</doc>
<status status="PASS" start="2026-07-14T15:19:10.703290" elapsed="0.000000"/>
</kw>
<arg>${status_value}</arg>
<arg>log</arg>
<arg>应用关闭成功</arg>
<arg>ELSE</arg>
<arg>log</arg>
<arg>应用关闭失败</arg>
<doc>Runs the given keyword with the given arguments, if ``condition`` is true.</doc>
<status status="PASS" start="2026-07-14T15:19:10.703290" elapsed="0.000000"/>
</kw>
<doc>盒端退出应用程序</doc>
<status status="PASS" start="2026-07-14T15:19:04.498529" elapsed="6.204761"/>
</kw>
<doc>Suite description</doc>
<status status="FAIL" start="2026-07-14T15:18:23.106298" elapsed="47.598143">Suite setup failed:
Multiple keywords with name 'Home键' found. Give the full name of the keyword you want to use:
    遥控按键.home键
    遥控按键.home键</status>
</suite>
<statistics>
<total>
<stat pass="0" fail="1" skip="0">All Tests</stat>
</total>
<tag>
<stat pass="0" fail="1" skip="0">smoke</stat>
</tag>
<suite>
<stat name="DP_AutoTest" id="s1" pass="0" fail="1" skip="0">DP_AutoTest</stat>
</suite>
</statistics>
<errors>
<msg time="2026-07-14T15:18:23.206325" level="WARN">Error in file 'D:\WorkCode\DP\DP_AutoTest\IPTV_HENANYD_72\对象库\公共方法.robot' on line 727: The '[Return]' setting is deprecated. Use the 'RETURN' statement instead.</msg>
<msg time="2026-07-14T15:18:23.206325" level="WARN">Error in file 'D:\WorkCode\DP\DP_AutoTest\IPTV_HENANYD_72\对象库\公共方法.robot' on line 743: The '[Return]' setting is deprecated. Use the 'RETURN' statement instead.</msg>
<msg time="2026-07-14T15:18:23.206325" level="WARN">Error in file 'D:\WorkCode\DP\DP_AutoTest\IPTV_HENANYD_72\对象库\公共方法.robot' on line 766: The '[Return]' setting is deprecated. Use the 'RETURN' statement instead.</msg>
<msg time="2026-07-14T15:18:23.207324" level="WARN">Error in file 'D:\WorkCode\DP\DP_AutoTest\IPTV_HENANYD_72\对象库\公共方法.robot' on line 793: The '[Return]' setting is deprecated. Use the 'RETURN' statement instead.</msg>
<msg time="2026-07-14T15:18:23.207324" level="WARN">Error in file 'D:\WorkCode\DP\DP_AutoTest\IPTV_HENANYD_72\对象库\公共方法.robot' on line 814: The '[Return]' setting is deprecated. Use the 'RETURN' statement instead.</msg>
<msg time="2026-07-14T15:18:23.250322" level="WARN">Error in file 'D:\WorkCode\DP\DP_AutoTest\IPTV_HENANYD_72\系统方法.robot' on line 285: The '[Return]' setting is deprecated. Use the 'RETURN' statement instead.</msg>
<msg time="2026-07-14T15:18:23.310348" level="WARN">Error in file 'D:\WorkCode\DP\DP_AutoTest\IPTV_HENANYD_72\对象库\首页.robot' on line 37: The '[Return]' setting is deprecated. Use the 'RETURN' statement instead.</msg>
<msg time="2026-07-14T15:18:23.320347" level="WARN">Error in file 'D:\WorkCode\DP\DP_AutoTest\IPTV_HENANYD_72\对象库\直播回看时移.robot' on line 92: The '[Return]' setting is deprecated. Use the 'RETURN' statement instead.</msg>
<msg time="2026-07-14T15:18:23.414806" level="WARN">Error in file 'D:\WorkCode\DP\DP_AutoTest\IPTV_HENANYD_72\对象库\专项测试.robot' on line 209: The '[Return]' setting is deprecated. Use the 'RETURN' statement instead.</msg>
<msg time="2026-07-14T15:18:23.415889" level="WARN">Error in file 'D:\WorkCode\DP\DP_AutoTest\IPTV_HENANYD_72\对象库\专项测试.robot' on line 337: The '[Return]' setting is deprecated. Use the 'RETURN' statement instead.</msg>
<msg time="2026-07-14T15:18:23.415889" level="WARN">Error in file 'D:\WorkCode\DP\DP_AutoTest\IPTV_HENANYD_72\对象库\专项测试.robot' on line 345: The '[Return]' setting is deprecated. Use the 'RETURN' statement instead.</msg>
<msg time="2026-07-14T15:18:23.415889" level="WARN">Error in file 'D:\WorkCode\DP\DP_AutoTest\IPTV_HENANYD_72\对象库\专项测试.robot' on line 380: The '[Return]' setting is deprecated. Use the 'RETURN' statement instead.</msg>
<msg time="2026-07-14T15:18:23.415889" level="WARN">Error in file 'D:\WorkCode\DP\DP_AutoTest\IPTV_HENANYD_72\对象库\专项测试.robot' on line 395: The '[Return]' setting is deprecated. Use the 'RETURN' statement instead.</msg>
</errors>
</robot>
