<?xml version="1.0" encoding="UTF-8"?>
<robot generator="Robot 7.4.2 (Python 3.9.13 on win32)" generated="2026-07-15T09:27:58.792744" rpa="false" schemaversion="5">
<suite id="s1" name="DP_AutoTest" source="D:\WorkCode\DP\DP_AutoTest\IPTV_HENANYD_72\测试用例\功能测试\01_首页模板功能\首页通栏模板.robot">
<kw name="启动应用" owner="公共方法" type="SETUP">
<kw name="Register Keyword To Run On Failure" owner="AppiumLibrary">
<msg time="2026-07-15T09:27:59.141846" level="INFO">Nothing will be run on failure.</msg>
<arg>Nothing</arg>
<doc>Sets the keyword to be executed when an AppiumLibrary keyword fails.</doc>
<status status="PASS" start="2026-07-15T09:27:59.136339" elapsed="0.006505"/>
</kw>
<kw name="Run Keyword If" owner="BuiltIn">
<arg>${reconnet}==1</arg>
<arg>重新连接设备</arg>
<doc>Runs the given keyword with the given arguments, if ``condition`` is true.</doc>
<status status="PASS" start="2026-07-15T09:27:59.142844" elapsed="0.000000"/>
</kw>
<kw name="解除网络限速" owner="专项测试">
<kw name="Set Variable" owner="BuiltIn">
<msg time="2026-07-15T09:27:59.143852" level="INFO">${adb_net_command1} = tc qdisc del dev eth0 root;tc class del dev eth0 root</msg>
<var>${adb_net_command1}</var>
<arg>tc qdisc del dev eth0 root;tc class del dev eth0 root</arg>
<doc>Returns the given values which can then be assigned to a variables.</doc>
<status status="PASS" start="2026-07-15T09:27:59.142844" elapsed="0.001008"/>
</kw>
<kw name="Adb Shell Command" owner="android_common">
<msg time="2026-07-15T09:27:59.291955" level="INFO">RTNETLINK answers: No such file or directory
RTNETLINK answers: No such file or directory</msg>
<msg time="2026-07-15T09:27:59.291955" level="INFO">${info1} = (b'', b'RTNETLINK answers: No such file or directory\r\nRTNETLINK answers: No such file or directory\r\n')</msg>
<var>${info1}</var>
<arg>${adb_net_command1}</arg>
<status status="PASS" start="2026-07-15T09:27:59.143852" elapsed="0.148103"/>
</kw>
<kw name="Log To Console" owner="BuiltIn">
<arg>关闭限速</arg>
<doc>Logs the given message to the console.</doc>
<status status="PASS" start="2026-07-15T09:27:59.291955" elapsed="0.001001"/>
</kw>
<kw name="等待" owner="公共方法">
<kw name="Sleep" owner="BuiltIn">
<msg time="2026-07-15T09:28:04.302829" level="INFO">Slept 5 seconds.</msg>
<arg>${sec}</arg>
<doc>Pauses the test executed for the given time.</doc>
<status status="PASS" start="2026-07-15T09:27:59.292956" elapsed="5.009873"/>
</kw>
<kw name="Log To Console" owner="BuiltIn">
<arg>等待${sec}秒</arg>
<doc>Logs the given message to the console.</doc>
<status status="PASS" start="2026-07-15T09:28:04.302829" elapsed="0.000000"/>
</kw>
<arg>${time}</arg>
<status status="PASS" start="2026-07-15T09:27:59.292956" elapsed="5.009873"/>
</kw>
<doc>网络限速配置</doc>
<status status="PASS" start="2026-07-15T09:27:59.142844" elapsed="5.159985"/>
</kw>
<for flavor="IN RANGE">
<iter>
<kw name="清除历史上报数据" owner="公共方法">
<kw name="Delete Data" owner="TestLibrary">
<arg>${platform}</arg>
<status status="PASS" start="2026-07-15T09:28:04.303830" elapsed="0.018537"/>
</kw>
<doc>清除历史上报的数据</doc>
<status status="PASS" start="2026-07-15T09:28:04.303830" elapsed="0.018537"/>
</kw>
<kw name="清除设备缓存" owner="公共方法">
<kw name="Set Variable" owner="BuiltIn">
<msg time="2026-07-15T09:28:04.323367" level="INFO">${adb_clear_sync} = adb shell sync</msg>
<var>${adb_clear_sync}</var>
<arg>adb shell sync</arg>
<doc>Returns the given values which can then be assigned to a variables.</doc>
<status status="PASS" start="2026-07-15T09:28:04.323367" elapsed="0.000000"/>
</kw>
<kw name="Set Variable" owner="BuiltIn">
<msg time="2026-07-15T09:28:04.324367" level="INFO">${adb_clear_cache} = adb shell "echo 3 &gt; /proc/sys/vm/drop_caches"</msg>
<var>${adb_clear_cache}</var>
<arg>adb shell "echo 3 &gt; /proc/sys/vm/drop_caches"</arg>
<doc>Returns the given values which can then be assigned to a variables.</doc>
<status status="PASS" start="2026-07-15T09:28:04.323367" elapsed="0.001000"/>
</kw>
<kw name="Set Variable" owner="BuiltIn">
<msg time="2026-07-15T09:28:04.324367" level="INFO">${adb_pm_clear} = adb shell pm clear com.huawei.tvbox</msg>
<var>${adb_pm_clear}</var>
<arg>adb shell pm clear ${app_package}</arg>
<doc>Returns the given values which can then be assigned to a variables.</doc>
<status status="PASS" start="2026-07-15T09:28:04.324367" elapsed="0.000000"/>
</kw>
<kw name="Cmd Command" owner="android_common">
<msg time="2026-07-15T09:28:04.448426" level="INFO">${info0} = </msg>
<var>${info0}</var>
<arg>${adb_clear_sync}</arg>
<status status="PASS" start="2026-07-15T09:28:04.324367" elapsed="0.124059"/>
</kw>
<kw name="Cmd Command" owner="android_common">
<msg time="2026-07-15T09:28:04.899354" level="INFO">${info1} = </msg>
<var>${info1}</var>
<arg>${adb_clear_cache}</arg>
<status status="PASS" start="2026-07-15T09:28:04.448426" elapsed="0.450928"/>
</kw>
<kw name="Run Keyword If" owner="BuiltIn">
<kw name="Cmd Command" owner="android_common">
<arg>${adb_pm_clear}</arg>
<status status="PASS" start="2026-07-15T09:28:04.900359" elapsed="0.607329"/>
</kw>
<msg time="2026-07-15T09:28:05.507688" level="INFO">${info2} = Success
</msg>
<var>${info2}</var>
<arg>${plugin_apk}==0 and ${hotup_apk}==0</arg>
<arg>cmd command</arg>
<arg>${adb_pm_clear}</arg>
<arg>ELSE</arg>
<arg>log to console</arg>
<arg>不清空缓存</arg>
<doc>Runs the given keyword with the given arguments, if ``condition`` is true.</doc>
<status status="PASS" start="2026-07-15T09:28:04.899354" elapsed="0.608334"/>
</kw>
<kw name="Run Keyword If" owner="BuiltIn">
<kw name="Log To Console" owner="BuiltIn">
<arg>清空应用缓存</arg>
<doc>Logs the given message to the console.</doc>
<status status="PASS" start="2026-07-15T09:28:05.508897" elapsed="0.000000"/>
</kw>
<arg>${plugin_apk}==0 and ${hotup_apk}==0</arg>
<arg>log to console</arg>
<arg>清空应用缓存</arg>
<doc>Runs the given keyword with the given arguments, if ``condition`` is true.</doc>
<status status="PASS" start="2026-07-15T09:28:05.507688" elapsed="0.001209"/>
</kw>
<kw name="Run Keyword If" owner="BuiltIn">
<kw name="Log To Console" owner="BuiltIn">
<arg>不强制重启应用</arg>
<doc>Logs the given message to the console.</doc>
<status status="PASS" start="2026-07-15T09:28:05.508897" elapsed="0.000000"/>
</kw>
<arg>${force_reboot}!=0</arg>
<arg>强制重启应用</arg>
<arg>ELSE</arg>
<arg>log to console</arg>
<arg>不强制重启应用</arg>
<doc>Runs the given keyword with the given arguments, if ``condition`` is true.</doc>
<status status="PASS" start="2026-07-15T09:28:05.508897" elapsed="0.001006"/>
</kw>
<doc>清除设备缓存</doc>
<status status="PASS" start="2026-07-15T09:28:04.323367" elapsed="1.186536"/>
</kw>
<kw name="等待" owner="公共方法">
<kw name="Sleep" owner="BuiltIn">
<msg time="2026-07-15T09:28:20.519939" level="INFO">Slept 15 seconds.</msg>
<arg>${sec}</arg>
<doc>Pauses the test executed for the given time.</doc>
<status status="PASS" start="2026-07-15T09:28:05.509903" elapsed="15.010036"/>
</kw>
<kw name="Log To Console" owner="BuiltIn">
<arg>等待${sec}秒</arg>
<doc>Logs the given message to the console.</doc>
<status status="PASS" start="2026-07-15T09:28:20.519939" elapsed="0.001000"/>
</kw>
<arg>15</arg>
<status status="PASS" start="2026-07-15T09:28:05.509903" elapsed="15.011036"/>
</kw>
<kw name="Open Application" owner="AppiumLibrary">
<arg>http://${appium_server}/wd/hub</arg>
<arg>deviceName=${device_id}</arg>
<arg>platformName=Android</arg>
<arg>platformVersion=${platform_version}</arg>
<arg>appPackage=${appPackage}</arg>
<arg>noReset=true appActivity=${appActivity} appWaitActivity=${appActivity}</arg>
<arg>newCommandTimeout=1200</arg>
<arg>automationName=${automationName}</arg>
<arg>unicodeKeyboard=false</arg>
<arg>resetKeyboard=false</arg>
<arg>noReset=${noReset}</arg>
<doc>Opens a new application to the given Appium server.
Capabilities of appium server, Android and iOS,
Please check https://appium.io/docs/en/2.19/guides/caps/
| *Option*            | *Man.* | *Description*     |
| remote_url          | Yes    | Appium server url |
| alias               | No     | alias             |</doc>
<status status="PASS" start="2026-07-15T09:28:20.520939" elapsed="15.169910"/>
</kw>
<kw name="Run Keyword If" owner="BuiltIn">
<arg>${zhengqi_apk}!=0</arg>
<arg>home键</arg>
<doc>Runs the given keyword with the given arguments, if ``condition`` is true.</doc>
<status status="PASS" start="2026-07-15T09:28:35.691848" elapsed="0.000000"/>
</kw>
<kw name="home键" owner="遥控按键">
<kw name="Run Keyword And Return Status" owner="BuiltIn">
<kw name="Press Keycode" owner="AppiumLibrary">
<arg>3</arg>
<doc>Sends a press of ``keycode`` to the device.</doc>
<status status="PASS" start="2026-07-15T09:28:35.691848" elapsed="0.151664"/>
</kw>
<arg>Press Keycode</arg>
<arg>3</arg>
<doc>Runs the specified keyword and returns the status as a Boolean value.</doc>
<status status="PASS" start="2026-07-15T09:28:35.691848" elapsed="0.151664"/>
</kw>
<kw name="Sleep" owner="BuiltIn">
<msg time="2026-07-15T09:28:37.851294" level="INFO">Slept 2 seconds.</msg>
<arg>2</arg>
<doc>Pauses the test executed for the given time.</doc>
<status status="PASS" start="2026-07-15T09:28:35.843512" elapsed="2.007782"/>
</kw>
<kw name="Log To Console" owner="BuiltIn">
<arg>按了HOME按键</arg>
<doc>Logs the given message to the console.</doc>
<status status="PASS" start="2026-07-15T09:28:37.851294" elapsed="0.001002"/>
</kw>
<status status="PASS" start="2026-07-15T09:28:35.691848" elapsed="2.160448"/>
</kw>
<kw name="等待" owner="公共方法">
<kw name="Sleep" owner="BuiltIn">
<msg time="2026-07-15T09:28:52.858631" level="INFO">Slept 15 seconds.</msg>
<arg>${sec}</arg>
<doc>Pauses the test executed for the given time.</doc>
<status status="PASS" start="2026-07-15T09:28:37.852296" elapsed="15.006335"/>
</kw>
<kw name="Log To Console" owner="BuiltIn">
<arg>等待${sec}秒</arg>
<doc>Logs the given message to the console.</doc>
<status status="PASS" start="2026-07-15T09:28:52.858631" elapsed="0.000000"/>
</kw>
<arg>15</arg>
<status status="PASS" start="2026-07-15T09:28:37.852296" elapsed="15.006335"/>
</kw>
<kw name="home键" owner="遥控按键">
<kw name="Run Keyword And Return Status" owner="BuiltIn">
<kw name="Press Keycode" owner="AppiumLibrary">
<arg>3</arg>
<doc>Sends a press of ``keycode`` to the device.</doc>
<status status="PASS" start="2026-07-15T09:28:52.859921" elapsed="0.213664"/>
</kw>
<arg>Press Keycode</arg>
<arg>3</arg>
<doc>Runs the specified keyword and returns the status as a Boolean value.</doc>
<status status="PASS" start="2026-07-15T09:28:52.859921" elapsed="0.213664"/>
</kw>
<kw name="Sleep" owner="BuiltIn">
<msg time="2026-07-15T09:28:55.081901" level="INFO">Slept 2 seconds.</msg>
<arg>2</arg>
<doc>Pauses the test executed for the given time.</doc>
<status status="PASS" start="2026-07-15T09:28:53.073585" elapsed="2.008316"/>
</kw>
<kw name="Log To Console" owner="BuiltIn">
<arg>按了HOME按键</arg>
<doc>Logs the given message to the console.</doc>
<status status="PASS" start="2026-07-15T09:28:55.081901" elapsed="0.000000"/>
</kw>
<status status="PASS" start="2026-07-15T09:28:52.858631" elapsed="2.223270"/>
</kw>
<kw name="Run Keyword If" owner="BuiltIn">
<arg>${zhengqi_apk}!=0</arg>
<arg>从政企进入首页</arg>
<doc>Runs the given keyword with the given arguments, if ``condition`` is true.</doc>
<status status="PASS" start="2026-07-15T09:28:55.081901" elapsed="0.000000"/>
</kw>
<kw name="检查是否进入首页并关闭广告" owner="公共方法">
<kw name="Run Keyword And Ignore Error" owner="BuiltIn">
<kw name="等待文本出现" owner="等待相关">
<kw name="Wait Until Page Contains" owner="AppiumLibrary">
<msg time="2026-07-15T09:29:14.929489" level="FAIL">WebDriverException: Message: Could not proxy command to the remote server. Original error: socket hang up
Stacktrace:
UnknownError: Could not proxy command to the remote server. Original error: socket hang up
    at ProxyRequestError.getActualError (C:\Users\dong_\AppData\Roaming\npm\node_modules\appium\node_modules\@appium\base-driver\build\lib\protocol\errors.js:701:16)
    at UIA2Proxy.proxyReqRes (C:\Users\dong_\AppData\Roaming\npm\node_modules\appium\node_modules\@appium\base-driver\build\lib\jsonwp-proxy\proxy.js:333:23)
    at process.processTicksAndRejections (node:internal/process/task_queues:104:5)
    at async runCommandPromise (C:\Users\dong_\AppData\Roaming\npm\node_modules\appium\node_modules\@appium\base-driver\build\lib\basedriver\driver.js:119:24)</msg>
<arg>${text}</arg>
<arg>${time}</arg>
<doc>Waits until the ``text`` appears on the current page.</doc>
<status status="FAIL" start="2026-07-15T09:28:55.083401" elapsed="19.850099">WebDriverException: Message: Could not proxy command to the remote server. Original error: socket hang up
Stacktrace:
UnknownError: Could not proxy command to the remote server. Original error: socket hang up
    at ProxyRequestError.getActualError (C:\Users\dong_\AppData\Roaming\npm\node_modules\appium\node_modules\@appium\base-driver\build\lib\protocol\errors.js:701:16)
    at UIA2Proxy.proxyReqRes (C:\Users\dong_\AppData\Roaming\npm\node_modules\appium\node_modules\@appium\base-driver\build\lib\jsonwp-proxy\proxy.js:333:23)
    at process.processTicksAndRejections (node:internal/process/task_queues:104:5)
    at async runCommandPromise (C:\Users\dong_\AppData\Roaming\npm\node_modules\appium\node_modules\@appium\base-driver\build\lib\basedriver\driver.js:119:24)</status>
</kw>
<arg>预约节目上线提醒</arg>
<doc>判断页面中文字是否出现</doc>
<status status="FAIL" start="2026-07-15T09:28:55.083401" elapsed="19.850099">WebDriverException: Message: Could not proxy command to the remote server. Original error: socket hang up
Stacktrace:
UnknownError: Could not proxy command to the remote server. Original error: socket hang up
    at ProxyRequestError.getActualError (C:\Users\dong_\AppData\Roaming\npm\node_modules\appium\node_modules\@appium\base-driver\build\lib\protocol\errors.js:701:16)
    at UIA2Proxy.proxyReqRes (C:\Users\dong_\AppData\Roaming\npm\node_modules\appium\node_modules\@appium\base-driver\build\lib\jsonwp-proxy\proxy.js:333:23)
    at process.processTicksAndRejections (node:internal/process/task_queues:104:5)
    at async runCommandPromise (C:\Users\dong_\AppData\Roaming\npm\node_modules\appium\node_modules\@appium\base-driver\build\lib\basedriver\driver.js:119:24)</status>
</kw>
<arg>等待文本出现</arg>
<arg>预约节目上线提醒</arg>
<doc>Runs the given keyword with the given arguments and ignores possible error.</doc>
<status status="PASS" start="2026-07-15T09:28:55.083401" elapsed="19.850099"/>
</kw>
<for flavor="IN RANGE">
<iter>
<kw name="Run Keyword And Return Status" owner="BuiltIn">
<kw name="Wait Until Page Contains" owner="AppiumLibrary">
<msg time="2026-07-15T09:29:14.937501" level="FAIL">WebDriverException: Message: 'GET /wd/hub/session/0cee4a5b-ddd5-4cdd-9c00-a2100b281624/source' cannot be proxied to UiAutomator2 server because the instrumentation process is not running (probably crashed). Check the server log and/or the logcat output for more details
Stacktrace:
InvalidContextError: 'GET /wd/hub/session/0cee4a5b-ddd5-4cdd-9c00-a2100b281624/source' cannot be proxied to UiAutomator2 server because the instrumentation process is not running (probably crashed). Check the server log and/or the logcat output for more details
    at UIA2Proxy.proxyCommand (file:///C:/Users/dong_/.appium/node_modules/appium-uiautomator2-driver/build/lib/uiautomator2-server/core.js:23:19)
    at UIA2Proxy.proxyReqRes (C:\Users\dong_\AppData\Roaming\npm\node_modules\appium\node_modules\@appium\base-driver\build\lib\jsonwp-proxy\proxy.js:327:49)
    at runCommandPromise (C:\Users\dong_\AppData\Roaming\npm\node_modules\appium\node_modules\@appium\base-driver\build\lib\basedriver\driver.js:120:29)
    at C:\Users\dong_\AppData\Roaming\npm\node_modules\appium\node_modules\async-lock\lib\index.js:171:12
    at AsyncLock._promiseTry (C:\Users\dong_\AppData\Roaming\npm\node_modules\appium\node_modules\async-lock\lib\index.js:306:31)
    at exec (C:\Users\dong_\AppData\Roaming\npm\node_modules\appium\node_modules\async-lock\lib\index.js:170:9)
    at AsyncLock.acquire (C:\Users\dong_\AppData\Roaming\npm\node_modules\appium\node_modules\async-lock\lib\index.js:189:3)
    at AndroidUiautomator2Driver.executeCommand (C:\Users\dong_\AppData\Roaming\npm\node_modules\appium\node_modules\@appium\base-driver\build\lib\basedriver\driver.js:161:45)
    at process.processTicksAndRejections (node:internal/process/task_queues:104:5)
    at async defaultBehavior (C:\Users\dong_\AppData\Roaming\npm\node_modules\appium\build\lib\appium.js:587:20)
    at async AppiumDriver.executeWrappedCommand (C:\Users\dong_\AppData\Roaming\npm\node_modules\appium\build\lib\appium.js:694:22)
    at async AppiumDriver.executeCommand (C:\Users\dong_\AppData\Roaming\npm\node_modules\appium\build\lib\appium.js:598:21)
    at async doJwpProxy (C:\Users\dong_\AppData\Roaming\npm\node_modules\appium\node_modules\@appium\base-driver\build\lib\protocol\protocol.js:515:9)
    at async asyncHandler (C:\Users\dong_\AppData\Roaming\npm\node_modules\appium\node_modules\@appium\base-driver\build\lib\protocol\protocol.js:354:21)</msg>
<arg>预约节目上线提醒</arg>
<arg>2</arg>
<doc>Waits until the ``text`` appears on the current page.</doc>
<status status="FAIL" start="2026-07-15T09:29:14.934499" elapsed="0.003002">WebDriverException: Message: 'GET /wd/hub/session/0cee4a5b-ddd5-4cdd-9c00-a2100b281624/source' cannot be proxied to UiAutomator2 server because the instrumentation process is not running (probably crashed). Check the server log and/or the logcat output for more details
Stacktrace:
InvalidContextError: 'GET /wd/hub/session/0cee4a5b-ddd5-4cdd-9c00-a2100b281624/source' cannot be proxied to UiAutomator2 server because the instrumentation process is not running (probably crashed). Check the server log and/or the logcat output for more details
    at UIA2Proxy.proxyCommand (file:///C:/Users/dong_/.appium/node_modules/appium-uiautomator2-driver/build/lib/uiautomator2-server/core.js:23:19)
    at UIA2Proxy.proxyReqRes (C:\Users\dong_\AppData\Roaming\npm\node_modules\appium\node_modules\@appium\base-driver\build\lib\jsonwp-proxy\proxy.js:327:49)
    at runCommandPromise (C:\Users\dong_\AppData\Roaming\npm\node_modules\appium\node_modules\@appium\base-driver\build\lib\basedriver\driver.js:120:29)
    at C:\Users\dong_\AppData\Roaming\npm\node_modules\appium\node_modules\async-lock\lib\index.js:171:12
    at AsyncLock._promiseTry (C:\Users\dong_\AppData\Roaming\npm\node_modules\appium\node_modules\async-lock\lib\index.js:306:31)
    at exec (C:\Users\dong_\AppData\Roaming\npm\node_modules\appium\node_modules\async-lock\lib\index.js:170:9)
    at AsyncLock.acquire (C:\Users\dong_\AppData\Roaming\npm\node_modules\appium\node_modules\async-lock\lib\index.js:189:3)
    at AndroidUiautomator2Driver.executeCommand (C:\Users\dong_\AppData\Roaming\npm\node_modules\appium\node_modules\@appium\base-driver\build\lib\basedriver\driver.js:161:45)
    at process.processTicksAndRejections (node:internal/process/task_queues:104:5)
    at async defaultBehavior (C:\Users\dong_\AppData\Roaming\npm\node_modules\appium\build\lib\appium.js:587:20)
    at async AppiumDriver.executeWrappedCommand (C:\Users\dong_\AppData\Roaming\npm\node_modules\appium\build\lib\appium.js:694:22)
    at async AppiumDriver.executeCommand (C:\Users\dong_\AppData\Roaming\npm\node_modules\appium\build\lib\appium.js:598:21)
    at async doJwpProxy (C:\Users\dong_\AppData\Roaming\npm\node_modules\appium\node_modules\@appium\base-driver\build\lib\protocol\protocol.js:515:9)
    at async asyncHandler (C:\Users\dong_\AppData\Roaming\npm\node_modules\appium\node_modules\@appium\base-driver\build\lib\protocol\protocol.js:354:21)</status>
</kw>
<msg time="2026-07-15T09:29:14.937501" level="INFO">${statusValue1} = False</msg>
<var>${statusValue1}</var>
<arg>wait until page contains</arg>
<arg>预约节目上线提醒</arg>
<arg>2</arg>
<doc>Runs the specified keyword and returns the status as a Boolean value.</doc>
<status status="PASS" start="2026-07-15T09:29:14.933500" elapsed="0.004001"/>
</kw>
<kw name="Exit For Loop If" owner="BuiltIn">
<msg time="2026-07-15T09:29:14.939005" level="INFO">Exiting for loop altogether.</msg>
<arg>${statusValue1}==False</arg>
<doc>Stops executing the enclosing FOR loop if the ``condition`` is true.</doc>
<status status="PASS" start="2026-07-15T09:29:14.937501" elapsed="0.001504"/>
</kw>
<kw name="按次数返回" owner="公共方法">
<arg>1</arg>
<arg>0</arg>
<status status="NOT RUN" start="2026-07-15T09:29:14.939005" elapsed="0.000000"/>
</kw>
<var name="${i}">0</var>
<status status="PASS" start="2026-07-15T09:29:14.933500" elapsed="0.005505"/>
</iter>
<var>${i}</var>
<value>5</value>
<status status="PASS" start="2026-07-15T09:29:14.933500" elapsed="0.005505"/>
</for>
<for flavor="IN RANGE">
<iter>
<kw name="Run Keyword And Return Status" owner="BuiltIn">
<kw name="Wait Until Page Contains Element" owner="AppiumLibrary">
<msg time="2026-07-15T09:29:14.943228" level="INFO">criteria is com.huawei.tvbox:id/top_menu_view</msg>
<msg time="2026-07-15T09:29:14.943228" level="FAIL">WebDriverException: Message: 'POST /elements' cannot be proxied to UiAutomator2 server because the instrumentation process is not running (probably crashed). Check the server log and/or the logcat output for more details
Stacktrace:
UnknownError: 'POST /elements' cannot be proxied to UiAutomator2 server because the instrumentation process is not running (probably crashed). Check the server log and/or the logcat output for more details
    at UIA2Proxy.command (C:\Users\dong_\AppData\Roaming\npm\node_modules\appium\node_modules\@appium\base-driver\build\lib\jsonwp-proxy\proxy.js:274:19)
    at process.processTicksAndRejections (node:internal/process/task_queues:104:5)
    at async AndroidUiautomator2Driver.doFindElementOrEls (file:///C:/Users/dong_/.appium/node_modules/appium-uiautomator2-driver/build/lib/commands/find.js:20:13)
    at async doFind (C:\Users\dong_\.appium\node_modules\appium-uiautomator2-driver\node_modules\appium-android-driver\build\lib\commands\find.js:24:23)
    at async wrappedCondFn (C:\Users\dong_\AppData\Roaming\npm\node_modules\appium\node_modules\@appium\base-driver\build\lib\basedriver\commands\timeout.js:93:20)
    at async spin (C:\Users\dong_\AppData\Roaming\npm\node_modules\appium\node_modules\asyncbox\build\lib\asyncbox.js:261:24)
    at async waitForCondition (C:\Users\dong_\AppData\Roaming\npm\node_modules\appium\node_modules\asyncbox\build\lib\asyncbox.js:279:12)
    at async AndroidUiautomator2Driver.implicitWaitForCondition (C:\Users\dong_\AppData\Roaming\npm\node_modules\appium\node_modules\@appium\base-driver\build\lib\basedriver\commands\timeout.js:95:16)
    at async AndroidUiautomator2Driver.findElOrEls (C:\Users\dong_\.appium\node_modules\appium-uiautomator2-driver\node_modules\appium-android-driver\build\lib\commands\find.js:45:9)
    at async AndroidUiautomator2Driver.findElOrElsWithProcessing (C:\Users\dong_\AppData\Roaming\npm\node_modules\appium\node_modules\@appium\base-driver\build\lib\basedriver\commands\find.js:12:16)
    at async AndroidUiautomator2Driver.findElements (C:\Users\dong_\AppData\Roaming\npm\node_modules\appium\node_modules\@appium\base-driver\build\lib\basedriver\commands\find.js:31:16)
    at async runCommandPromise (C:\Users\dong_\AppData\Roaming\npm\node_modules\appium\node_modules\@appium\base-driver\build\lib\basedriver\driver.js:119:24)</msg>
<arg>${首页logo}</arg>
<arg>2</arg>
<doc>Waits until the element specified by the ``locator`` appears on the current page.</doc>
<status status="FAIL" start="2026-07-15T09:29:14.940011" elapsed="0.003217">WebDriverException: Message: 'POST /elements' cannot be proxied to UiAutomator2 server because the instrumentation process is not running (probably crashed). Check the server log and/or the logcat output for more details
Stacktrace:
UnknownError: 'POST /elements' cannot be proxied to UiAutomator2 server because the instrumentation process is not running (probably crashed). Check the server log and/or the logcat output for more details
    at UIA2Proxy.command (C:\Users\dong_\AppData\Roaming\npm\node_modules\appium\node_modules\@appium\base-driver\build\lib\jsonwp-proxy\proxy.js:274:19)
    at process.processTicksAndRejections (node:internal/process/task_queues:104:5)
    at async AndroidUiautomator2Driver.doFindElementOrEls (file:///C:/Users/dong_/.appium/node_modules/appium-uiautomator2-driver/build/lib/commands/find.js:20:13)
    at async doFind (C:\Users\dong_\.appium\node_modules\appium-uiautomator2-driver\node_modules\appium-android-driver\build\lib\commands\find.js:24:23)
    at async wrappedCondFn (C:\Users\dong_\AppData\Roaming\npm\node_modules\appium\node_modules\@appium\base-driver\build\lib\basedriver\commands\timeout.js:93:20)
    at async spin (C:\Users\dong_\AppData\Roaming\npm\node_modules\appium\node_modules\asyncbox\build\lib\asyncbox.js:261:24)
    at async waitForCondition (C:\Users\dong_\AppData\Roaming\npm\node_modules\appium\node_modules\asyncbox\build\lib\asyncbox.js:279:12)
    at async AndroidUiautomator2Driver.implicitWaitForCondition (C:\Users\dong_\AppData\Roaming\npm\node_modules\appium\node_modules\@appium\base-driver\build\lib\basedriver\commands\timeout.js:95:16)
    at async AndroidUiautomator2Driver.findElOrEls (C:\Users\dong_\.appium\node_modules\appium-uiautomator2-driver\node_modules\appium-android-driver\build\lib\commands\find.js:45:9)
    at async AndroidUiautomator2Driver.findElOrElsWithProcessing (C:\Users\dong_\AppData\Roaming\npm\node_modules\appium\node_modules\@appium\base-driver\build\lib\basedriver\commands\find.js:12:16)
    at async AndroidUiautomator2Driver.findElements (C:\Users\dong_\AppData\Roaming\npm\node_modules\appium\node_modules\@appium\base-driver\build\lib\basedriver\commands\find.js:31:16)
    at async runCommandPromise (C:\Users\dong_\AppData\Roaming\npm\node_modules\appium\node_modules\@appium\base-driver\build\lib\basedriver\driver.js:119:24)</status>
</kw>
<msg time="2026-07-15T09:29:14.943228" level="INFO">${statusValue} = False</msg>
<var>${statusValue}</var>
<arg>wait until page contains element</arg>
<arg>${首页logo}</arg>
<arg>2</arg>
<doc>Runs the specified keyword and returns the status as a Boolean value.</doc>
<status status="PASS" start="2026-07-15T09:29:14.939005" elapsed="0.004223"/>
</kw>
<kw name="Exit For Loop If" owner="BuiltIn">
<arg>${statusValue}</arg>
<doc>Stops executing the enclosing FOR loop if the ``condition`` is true.</doc>
<status status="PASS" start="2026-07-15T09:29:14.944703" elapsed="0.000000"/>
</kw>
<kw name="Run Keyword If" owner="BuiltIn">
<arg>${plugin_apk}!=0</arg>
<arg>等待</arg>
<arg>10</arg>
<doc>Runs the given keyword with the given arguments, if ``condition`` is true.</doc>
<status status="PASS" start="2026-07-15T09:29:14.944703" elapsed="0.000000"/>
</kw>
<kw name="Go Back" owner="AppiumLibrary">
<msg time="2026-07-15T09:29:14.948765" level="FAIL">WebDriverException: Message: 'POST /wd/hub/session/0cee4a5b-ddd5-4cdd-9c00-a2100b281624/back' cannot be proxied to UiAutomator2 server because the instrumentation process is not running (probably crashed). Check the server log and/or the logcat output for more details
Stacktrace:
InvalidContextError: 'POST /wd/hub/session/0cee4a5b-ddd5-4cdd-9c00-a2100b281624/back' cannot be proxied to UiAutomator2 server because the instrumentation process is not running (probably crashed). Check the server log and/or the logcat output for more details
    at UIA2Proxy.proxyCommand (file:///C:/Users/dong_/.appium/node_modules/appium-uiautomator2-driver/build/lib/uiautomator2-server/core.js:23:19)
    at UIA2Proxy.proxyReqRes (C:\Users\dong_\AppData\Roaming\npm\node_modules\appium\node_modules\@appium\base-driver\build\lib\jsonwp-proxy\proxy.js:327:49)
    at runCommandPromise (C:\Users\dong_\AppData\Roaming\npm\node_modules\appium\node_modules\@appium\base-driver\build\lib\basedriver\driver.js:120:29)
    at C:\Users\dong_\AppData\Roaming\npm\node_modules\appium\node_modules\async-lock\lib\index.js:171:12
    at AsyncLock._promiseTry (C:\Users\dong_\AppData\Roaming\npm\node_modules\appium\node_modules\async-lock\lib\index.js:306:31)
    at exec (C:\Users\dong_\AppData\Roaming\npm\node_modules\appium\node_modules\async-lock\lib\index.js:170:9)
    at AsyncLock.acquire (C:\Users\dong_\AppData\Roaming\npm\node_modules\appium\node_modules\async-lock\lib\index.js:189:3)
    at AndroidUiautomator2Driver.executeCommand (C:\Users\dong_\AppData\Roaming\npm\node_modules\appium\node_modules\@appium\base-driver\build\lib\basedriver\driver.js:161:45)
    at process.processTicksAndRejections (node:internal/process/task_queues:104:5)
    at async defaultBehavior (C:\Users\dong_\AppData\Roaming\npm\node_modules\appium\build\lib\appium.js:587:20)
    at async AppiumDriver.executeWrappedCommand (C:\Users\dong_\AppData\Roaming\npm\node_modules\appium\build\lib\appium.js:694:22)
    at async AppiumDriver.executeCommand (C:\Users\dong_\AppData\Roaming\npm\node_modules\appium\build\lib\appium.js:598:21)
    at async doJwpProxy (C:\Users\dong_\AppData\Roaming\npm\node_modules\appium\node_modules\@appium\base-driver\build\lib\protocol\protocol.js:515:9)
    at async asyncHandler (C:\Users\dong_\AppData\Roaming\npm\node_modules\appium\node_modules\@appium\base-driver\build\lib\protocol\protocol.js:354:21)</msg>
<doc>Goes one step backward in the browser history.</doc>
<status status="FAIL" start="2026-07-15T09:29:14.944703" elapsed="0.004062">WebDriverException: Message: 'POST /wd/hub/session/0cee4a5b-ddd5-4cdd-9c00-a2100b281624/back' cannot be proxied to UiAutomator2 server because the instrumentation process is not running (probably crashed). Check the server log and/or the logcat output for more details
Stacktrace:
InvalidContextError: 'POST /wd/hub/session/0cee4a5b-ddd5-4cdd-9c00-a2100b281624/back' cannot be proxied to UiAutomator2 server because the instrumentation process is not running (probably crashed). Check the server log and/or the logcat output for more details
    at UIA2Proxy.proxyCommand (file:///C:/Users/dong_/.appium/node_modules/appium-uiautomator2-driver/build/lib/uiautomator2-server/core.js:23:19)
    at UIA2Proxy.proxyReqRes (C:\Users\dong_\AppData\Roaming\npm\node_modules\appium\node_modules\@appium\base-driver\build\lib\jsonwp-proxy\proxy.js:327:49)
    at runCommandPromise (C:\Users\dong_\AppData\Roaming\npm\node_modules\appium\node_modules\@appium\base-driver\build\lib\basedriver\driver.js:120:29)
    at C:\Users\dong_\AppData\Roaming\npm\node_modules\appium\node_modules\async-lock\lib\index.js:171:12
    at AsyncLock._promiseTry (C:\Users\dong_\AppData\Roaming\npm\node_modules\appium\node_modules\async-lock\lib\index.js:306:31)
    at exec (C:\Users\dong_\AppData\Roaming\npm\node_modules\appium\node_modules\async-lock\lib\index.js:170:9)
    at AsyncLock.acquire (C:\Users\dong_\AppData\Roaming\npm\node_modules\appium\node_modules\async-lock\lib\index.js:189:3)
    at AndroidUiautomator2Driver.executeCommand (C:\Users\dong_\AppData\Roaming\npm\node_modules\appium\node_modules\@appium\base-driver\build\lib\basedriver\driver.js:161:45)
    at process.processTicksAndRejections (node:internal/process/task_queues:104:5)
    at async defaultBehavior (C:\Users\dong_\AppData\Roaming\npm\node_modules\appium\build\lib\appium.js:587:20)
    at async AppiumDriver.executeWrappedCommand (C:\Users\dong_\AppData\Roaming\npm\node_modules\appium\build\lib\appium.js:694:22)
    at async AppiumDriver.executeCommand (C:\Users\dong_\AppData\Roaming\npm\node_modules\appium\build\lib\appium.js:598:21)
    at async doJwpProxy (C:\Users\dong_\AppData\Roaming\npm\node_modules\appium\node_modules\@appium\base-driver\build\lib\protocol\protocol.js:515:9)
    at async asyncHandler (C:\Users\dong_\AppData\Roaming\npm\node_modules\appium\node_modules\@appium\base-driver\build\lib\protocol\protocol.js:354:21)</status>
</kw>
<var name="${i}">0</var>
<status status="FAIL" start="2026-07-15T09:29:14.939005" elapsed="0.009760">WebDriverException: Message: 'POST /wd/hub/session/0cee4a5b-ddd5-4cdd-9c00-a2100b281624/back' cannot be proxied to UiAutomator2 server because the instrumentation process is not running (probably crashed). Check the server log and/or the logcat output for more details
Stacktrace:
InvalidContextError: 'POST /wd/hub/session/0cee4a5b-ddd5-4cdd-9c00-a2100b281624/back' cannot be proxied to UiAutomator2 server because the instrumentation process is not running (probably crashed). Check the server log and/or the logcat output for more details
    at UIA2Proxy.proxyCommand (file:///C:/Users/dong_/.appium/node_modules/appium-uiautomator2-driver/build/lib/uiautomator2-server/core.js:23:19)
    at UIA2Proxy.proxyReqRes (C:\Users\dong_\AppData\Roaming\npm\node_modules\appium\node_modules\@appium\base-driver\build\lib\jsonwp-proxy\proxy.js:327:49)
    at runCommandPromise (C:\Users\dong_\AppData\Roaming\npm\node_modules\appium\node_modules\@appium\base-driver\build\lib\basedriver\driver.js:120:29)
    at C:\Users\dong_\AppData\Roaming\npm\node_modules\appium\node_modules\async-lock\lib\index.js:171:12
    at AsyncLock._promiseTry (C:\Users\dong_\AppData\Roaming\npm\node_modules\appium\node_modules\async-lock\lib\index.js:306:31)
    at exec (C:\Users\dong_\AppData\Roaming\npm\node_modules\appium\node_modules\async-lock\lib\index.js:170:9)
    at AsyncLock.acquire (C:\Users\dong_\AppData\Roaming\npm\node_modules\appium\node_modules\async-lock\lib\index.js:189:3)
    at AndroidUiautomator2Driver.executeCommand (C:\Users\dong_\AppData\Roaming\npm\node_modules\appium\node_modules\@appium\base-driver\build\lib\basedriver\driver.js:161:45)
    at process.processTicksAndRejections (node:internal/process/task_queues:104:5)
    at async defaultBehavior (C:\Users\dong_\AppData\Roaming\npm\node_modules\appium\build\lib\appium.js:587:20)
    at async AppiumDriver.executeWrappedCommand (C:\Users\dong_\AppData\Roaming\npm\node_modules\appium\build\lib\appium.js:694:22)
    at async AppiumDriver.executeCommand (C:\Users\dong_\AppData\Roaming\npm\node_modules\appium\build\lib\appium.js:598:21)
    at async doJwpProxy (C:\Users\dong_\AppData\Roaming\npm\node_modules\appium\node_modules\@appium\base-driver\build\lib\protocol\protocol.js:515:9)
    at async asyncHandler (C:\Users\dong_\AppData\Roaming\npm\node_modules\appium\node_modules\@appium\base-driver\build\lib\protocol\protocol.js:354:21)</status>
</iter>
<var>${i}</var>
<value>20</value>
<status status="FAIL" start="2026-07-15T09:29:14.939005" elapsed="0.009760">WebDriverException: Message: 'POST /wd/hub/session/0cee4a5b-ddd5-4cdd-9c00-a2100b281624/back' cannot be proxied to UiAutomator2 server because the instrumentation process is not running (probably crashed). Check the server log and/or the logcat output for more details
Stacktrace:
InvalidContextError: 'POST /wd/hub/session/0cee4a5b-ddd5-4cdd-9c00-a2100b281624/back' cannot be proxied to UiAutomator2 server because the instrumentation process is not running (probably crashed). Check the server log and/or the logcat output for more details
    at UIA2Proxy.proxyCommand (file:///C:/Users/dong_/.appium/node_modules/appium-uiautomator2-driver/build/lib/uiautomator2-server/core.js:23:19)
    at UIA2Proxy.proxyReqRes (C:\Users\dong_\AppData\Roaming\npm\node_modules\appium\node_modules\@appium\base-driver\build\lib\jsonwp-proxy\proxy.js:327:49)
    at runCommandPromise (C:\Users\dong_\AppData\Roaming\npm\node_modules\appium\node_modules\@appium\base-driver\build\lib\basedriver\driver.js:120:29)
    at C:\Users\dong_\AppData\Roaming\npm\node_modules\appium\node_modules\async-lock\lib\index.js:171:12
    at AsyncLock._promiseTry (C:\Users\dong_\AppData\Roaming\npm\node_modules\appium\node_modules\async-lock\lib\index.js:306:31)
    at exec (C:\Users\dong_\AppData\Roaming\npm\node_modules\appium\node_modules\async-lock\lib\index.js:170:9)
    at AsyncLock.acquire (C:\Users\dong_\AppData\Roaming\npm\node_modules\appium\node_modules\async-lock\lib\index.js:189:3)
    at AndroidUiautomator2Driver.executeCommand (C:\Users\dong_\AppData\Roaming\npm\node_modules\appium\node_modules\@appium\base-driver\build\lib\basedriver\driver.js:161:45)
    at process.processTicksAndRejections (node:internal/process/task_queues:104:5)
    at async defaultBehavior (C:\Users\dong_\AppData\Roaming\npm\node_modules\appium\build\lib\appium.js:587:20)
    at async AppiumDriver.executeWrappedCommand (C:\Users\dong_\AppData\Roaming\npm\node_modules\appium\build\lib\appium.js:694:22)
    at async AppiumDriver.executeCommand (C:\Users\dong_\AppData\Roaming\npm\node_modules\appium\build\lib\appium.js:598:21)
    at async doJwpProxy (C:\Users\dong_\AppData\Roaming\npm\node_modules\appium\node_modules\@appium\base-driver\build\lib\protocol\protocol.js:515:9)
    at async asyncHandler (C:\Users\dong_\AppData\Roaming\npm\node_modules\appium\node_modules\@appium\base-driver\build\lib\protocol\protocol.js:354:21)</status>
</for>
<kw name="Run Keyword If" owner="BuiltIn">
<arg>${plugin_apk}!=0 or ${hotup_apk}!=0</arg>
<arg>判断是否在其他模式下</arg>
<doc>Runs the given keyword with the given arguments, if ``condition`` is true.</doc>
<status status="NOT RUN" start="2026-07-15T09:29:14.948765" elapsed="0.000000"/>
</kw>
<kw name="Run Keyword And Return Status" owner="BuiltIn">
<var>${statusValue1}</var>
<arg>wait until page contains</arg>
<arg>按返回关闭广告</arg>
<arg>2</arg>
<doc>Runs the specified keyword and returns the status as a Boolean value.</doc>
<status status="NOT RUN" start="2026-07-15T09:29:14.948765" elapsed="0.001019"/>
</kw>
<kw name="Run Keyword If" owner="BuiltIn">
<arg>${statusValue1}</arg>
<arg>返回键</arg>
<doc>Runs the given keyword with the given arguments, if ``condition`` is true.</doc>
<status status="NOT RUN" start="2026-07-15T09:29:14.949784" elapsed="0.000000"/>
</kw>
<kw name="Run Keyword And Return Status" owner="BuiltIn">
<var>${statusValue2}</var>
<arg>wait until page contains</arg>
<arg>关闭</arg>
<arg>2</arg>
<doc>Runs the specified keyword and returns the status as a Boolean value.</doc>
<status status="NOT RUN" start="2026-07-15T09:29:14.949784" elapsed="0.000000"/>
</kw>
<kw name="Run Keyword If" owner="BuiltIn">
<arg>${statusValue2}</arg>
<arg>返回键</arg>
<doc>Runs the given keyword with the given arguments, if ``condition`` is true.</doc>
<status status="NOT RUN" start="2026-07-15T09:29:14.949784" elapsed="0.000000"/>
</kw>
<status status="FAIL" start="2026-07-15T09:28:55.083401" elapsed="19.866383">WebDriverException: Message: 'POST /wd/hub/session/0cee4a5b-ddd5-4cdd-9c00-a2100b281624/back' cannot be proxied to UiAutomator2 server because the instrumentation process is not running (probably crashed). Check the server log and/or the logcat output for more details
Stacktrace:
InvalidContextError: 'POST /wd/hub/session/0cee4a5b-ddd5-4cdd-9c00-a2100b281624/back' cannot be proxied to UiAutomator2 server because the instrumentation process is not running (probably crashed). Check the server log and/or the logcat output for more details
    at UIA2Proxy.proxyCommand (file:///C:/Users/dong_/.appium/node_modules/appium-uiautomator2-driver/build/lib/uiautomator2-server/core.js:23:19)
    at UIA2Proxy.proxyReqRes (C:\Users\dong_\AppData\Roaming\npm\node_modules\appium\node_modules\@appium\base-driver\build\lib\jsonwp-proxy\proxy.js:327:49)
    at runCommandPromise (C:\Users\dong_\AppData\Roaming\npm\node_modules\appium\node_modules\@appium\base-driver\build\lib\basedriver\driver.js:120:29)
    at C:\Users\dong_\AppData\Roaming\npm\node_modules\appium\node_modules\async-lock\lib\index.js:171:12
    at AsyncLock._promiseTry (C:\Users\dong_\AppData\Roaming\npm\node_modules\appium\node_modules\async-lock\lib\index.js:306:31)
    at exec (C:\Users\dong_\AppData\Roaming\npm\node_modules\appium\node_modules\async-lock\lib\index.js:170:9)
    at AsyncLock.acquire (C:\Users\dong_\AppData\Roaming\npm\node_modules\appium\node_modules\async-lock\lib\index.js:189:3)
    at AndroidUiautomator2Driver.executeCommand (C:\Users\dong_\AppData\Roaming\npm\node_modules\appium\node_modules\@appium\base-driver\build\lib\basedriver\driver.js:161:45)
    at process.processTicksAndRejections (node:internal/process/task_queues:104:5)
    at async defaultBehavior (C:\Users\dong_\AppData\Roaming\npm\node_modules\appium\build\lib\appium.js:587:20)
    at async AppiumDriver.executeWrappedCommand (C:\Users\dong_\AppData\Roaming\npm\node_modules\appium\build\lib\appium.js:694:22)
    at async AppiumDriver.executeCommand (C:\Users\dong_\AppData\Roaming\npm\node_modules\appium\build\lib\appium.js:598:21)
    at async doJwpProxy (C:\Users\dong_\AppData\Roaming\npm\node_modules\appium\node_modules\@appium\base-driver\build\lib\protocol\protocol.js:515:9)
    at async asyncHandler (C:\Users\dong_\AppData\Roaming\npm\node_modules\appium\node_modules\@appium\base-driver\build\lib\protocol\protocol.js:354:21)</status>
</kw>
<kw name="Run Keyword And Return Status" owner="BuiltIn">
<var>${statusValue1}</var>
<arg>等待页面出现内容描述信息</arg>
<arg>少儿频道</arg>
<arg>1</arg>
<doc>Runs the specified keyword and returns the status as a Boolean value.</doc>
<status status="NOT RUN" start="2026-07-15T09:29:14.949784" elapsed="0.000000"/>
</kw>
<kw name="Run Keyword And Return Status" owner="BuiltIn">
<var>${statusValue2}</var>
<arg>等待页面出现内容描述信息</arg>
<arg>电竞</arg>
<arg>1</arg>
<doc>Runs the specified keyword and returns the status as a Boolean value.</doc>
<status status="NOT RUN" start="2026-07-15T09:29:14.949784" elapsed="0.000000"/>
</kw>
<kw name="Run Keyword And Return Status" owner="BuiltIn">
<var>${statusValue3}</var>
<arg>等待页面出现内容描述信息</arg>
<arg>二级菜单</arg>
<arg>1</arg>
<doc>Runs the specified keyword and returns the status as a Boolean value.</doc>
<status status="NOT RUN" start="2026-07-15T09:29:14.949784" elapsed="0.000000"/>
</kw>
<kw name="Run Keyword If" owner="BuiltIn">
<arg>${statusValue1}==True and ${statusValue2}==True and ${statusValue3}==True</arg>
<arg>exit for loop</arg>
<arg>ELSE</arg>
<arg>Run Keywords</arg>
<arg>log to console</arg>
<arg>启动异常，重新启动</arg>
<arg>AND</arg>
<arg>设置本地映射</arg>
<arg>enable</arg>
<arg>AND</arg>
<arg>退出应用</arg>
<doc>Runs the given keyword with the given arguments, if ``condition`` is true.</doc>
<status status="NOT RUN" start="2026-07-15T09:29:14.949784" elapsed="0.000000"/>
</kw>
<var name="${i}">0</var>
<status status="FAIL" start="2026-07-15T09:28:04.303830" elapsed="70.645954">WebDriverException: Message: 'POST /wd/hub/session/0cee4a5b-ddd5-4cdd-9c00-a2100b281624/back' cannot be proxied to UiAutomator2 server because the instrumentation process is not running (probably crashed). Check the server log and/or the logcat output for more details
Stacktrace:
InvalidContextError: 'POST /wd/hub/session/0cee4a5b-ddd5-4cdd-9c00-a2100b281624/back' cannot be proxied to UiAutomator2 server because the instrumentation process is not running (probably crashed). Check the server log and/or the logcat output for more details
    at UIA2Proxy.proxyCommand (file:///C:/Users/dong_/.appium/node_modules/appium-uiautomator2-driver/build/lib/uiautomator2-server/core.js:23:19)
    at UIA2Proxy.proxyReqRes (C:\Users\dong_\AppData\Roaming\npm\node_modules\appium\node_modules\@appium\base-driver\build\lib\jsonwp-proxy\proxy.js:327:49)
    at runCommandPromise (C:\Users\dong_\AppData\Roaming\npm\node_modules\appium\node_modules\@appium\base-driver\build\lib\basedriver\driver.js:120:29)
    at C:\Users\dong_\AppData\Roaming\npm\node_modules\appium\node_modules\async-lock\lib\index.js:171:12
    at AsyncLock._promiseTry (C:\Users\dong_\AppData\Roaming\npm\node_modules\appium\node_modules\async-lock\lib\index.js:306:31)
    at exec (C:\Users\dong_\AppData\Roaming\npm\node_modules\appium\node_modules\async-lock\lib\index.js:170:9)
    at AsyncLock.acquire (C:\Users\dong_\AppData\Roaming\npm\node_modules\appium\node_modules\async-lock\lib\index.js:189:3)
    at AndroidUiautomator2Driver.executeCommand (C:\Users\dong_\AppData\Roaming\npm\node_modules\appium\node_modules\@appium\base-driver\build\lib\basedriver\driver.js:161:45)
    at process.processTicksAndRejections (node:internal/process/task_queues:104:5)
    at async defaultBehavior (C:\Users\dong_\AppData\Roaming\npm\node_modules\appium\build\lib\appium.js:587:20)
    at async AppiumDriver.executeWrappedCommand (C:\Users\dong_\AppData\Roaming\npm\node_modules\appium\build\lib\appium.js:694:22)
    at async AppiumDriver.executeCommand (C:\Users\dong_\AppData\Roaming\npm\node_modules\appium\build\lib\appium.js:598:21)
    at async doJwpProxy (C:\Users\dong_\AppData\Roaming\npm\node_modules\appium\node_modules\@appium\base-driver\build\lib\protocol\protocol.js:515:9)
    at async asyncHandler (C:\Users\dong_\AppData\Roaming\npm\node_modules\appium\node_modules\@appium\base-driver\build\lib\protocol\protocol.js:354:21)</status>
</iter>
<var>${i}</var>
<value>3</value>
<status status="FAIL" start="2026-07-15T09:28:04.303830" elapsed="70.645954">WebDriverException: Message: 'POST /wd/hub/session/0cee4a5b-ddd5-4cdd-9c00-a2100b281624/back' cannot be proxied to UiAutomator2 server because the instrumentation process is not running (probably crashed). Check the server log and/or the logcat output for more details
Stacktrace:
InvalidContextError: 'POST /wd/hub/session/0cee4a5b-ddd5-4cdd-9c00-a2100b281624/back' cannot be proxied to UiAutomator2 server because the instrumentation process is not running (probably crashed). Check the server log and/or the logcat output for more details
    at UIA2Proxy.proxyCommand (file:///C:/Users/dong_/.appium/node_modules/appium-uiautomator2-driver/build/lib/uiautomator2-server/core.js:23:19)
    at UIA2Proxy.proxyReqRes (C:\Users\dong_\AppData\Roaming\npm\node_modules\appium\node_modules\@appium\base-driver\build\lib\jsonwp-proxy\proxy.js:327:49)
    at runCommandPromise (C:\Users\dong_\AppData\Roaming\npm\node_modules\appium\node_modules\@appium\base-driver\build\lib\basedriver\driver.js:120:29)
    at C:\Users\dong_\AppData\Roaming\npm\node_modules\appium\node_modules\async-lock\lib\index.js:171:12
    at AsyncLock._promiseTry (C:\Users\dong_\AppData\Roaming\npm\node_modules\appium\node_modules\async-lock\lib\index.js:306:31)
    at exec (C:\Users\dong_\AppData\Roaming\npm\node_modules\appium\node_modules\async-lock\lib\index.js:170:9)
    at AsyncLock.acquire (C:\Users\dong_\AppData\Roaming\npm\node_modules\appium\node_modules\async-lock\lib\index.js:189:3)
    at AndroidUiautomator2Driver.executeCommand (C:\Users\dong_\AppData\Roaming\npm\node_modules\appium\node_modules\@appium\base-driver\build\lib\basedriver\driver.js:161:45)
    at process.processTicksAndRejections (node:internal/process/task_queues:104:5)
    at async defaultBehavior (C:\Users\dong_\AppData\Roaming\npm\node_modules\appium\build\lib\appium.js:587:20)
    at async AppiumDriver.executeWrappedCommand (C:\Users\dong_\AppData\Roaming\npm\node_modules\appium\build\lib\appium.js:694:22)
    at async AppiumDriver.executeCommand (C:\Users\dong_\AppData\Roaming\npm\node_modules\appium\build\lib\appium.js:598:21)
    at async doJwpProxy (C:\Users\dong_\AppData\Roaming\npm\node_modules\appium\node_modules\@appium\base-driver\build\lib\protocol\protocol.js:515:9)
    at async asyncHandler (C:\Users\dong_\AppData\Roaming\npm\node_modules\appium\node_modules\@appium\base-driver\build\lib\protocol\protocol.js:354:21)</status>
</for>
<doc>盒端启用应用程序</doc>
<status status="FAIL" start="2026-07-15T09:27:59.135329" elapsed="75.814455">WebDriverException: Message: 'POST /wd/hub/session/0cee4a5b-ddd5-4cdd-9c00-a2100b281624/back' cannot be proxied to UiAutomator2 server because the instrumentation process is not running (probably crashed). Check the server log and/or the logcat output for more details
Stacktrace:
InvalidContextError: 'POST /wd/hub/session/0cee4a5b-ddd5-4cdd-9c00-a2100b281624/back' cannot be proxied to UiAutomator2 server because the instrumentation process is not running (probably crashed). Check the server log and/or the logcat output for more details
    at UIA2Proxy.proxyCommand (file:///C:/Users/dong_/.appium/node_modules/appium-uiautomator2-driver/build/lib/uiautomator2-server/core.js:23:19)
    at UIA2Proxy.proxyReqRes (C:\Users\dong_\AppData\Roaming\npm\node_modules\appium\node_modules\@appium\base-driver\build\lib\jsonwp-proxy\proxy.js:327:49)
    at runCommandPromise (C:\Users\dong_\AppData\Roaming\npm\node_modules\appium\node_modules\@appium\base-driver\build\lib\basedriver\driver.js:120:29)
    at C:\Users\dong_\AppData\Roaming\npm\node_modules\appium\node_modules\async-lock\lib\index.js:171:12
    at AsyncLock._promiseTry (C:\Users\dong_\AppData\Roaming\npm\node_modules\appium\node_modules\async-lock\lib\index.js:306:31)
    at exec (C:\Users\dong_\AppData\Roaming\npm\node_modules\appium\node_modules\async-lock\lib\index.js:170:9)
    at AsyncLock.acquire (C:\Users\dong_\AppData\Roaming\npm\node_modules\appium\node_modules\async-lock\lib\index.js:189:3)
    at AndroidUiautomator2Driver.executeCommand (C:\Users\dong_\AppData\Roaming\npm\node_modules\appium\node_modules\@appium\base-driver\build\lib\basedriver\driver.js:161:45)
    at process.processTicksAndRejections (node:internal/process/task_queues:104:5)
    at async defaultBehavior (C:\Users\dong_\AppData\Roaming\npm\node_modules\appium\build\lib\appium.js:587:20)
    at async AppiumDriver.executeWrappedCommand (C:\Users\dong_\AppData\Roaming\npm\node_modules\appium\build\lib\appium.js:694:22)
    at async AppiumDriver.executeCommand (C:\Users\dong_\AppData\Roaming\npm\node_modules\appium\build\lib\appium.js:598:21)
    at async doJwpProxy (C:\Users\dong_\AppData\Roaming\npm\node_modules\appium\node_modules\@appium\base-driver\build\lib\protocol\protocol.js:515:9)
    at async asyncHandler (C:\Users\dong_\AppData\Roaming\npm\node_modules\appium\node_modules\@appium\base-driver\build\lib\protocol\protocol.js:354:21)</status>
</kw>
<test id="s1-t1" name="case_001 精选模板页面检查" line="14">
<doc>首页通栏模板</doc>
<tag>smoke</tag>
<status status="FAIL" start="2026-07-15T09:29:14.949784" elapsed="0.001504">Parent suite setup failed:
WebDriverException: Message: 'POST /wd/hub/session/0cee4a5b-ddd5-4cdd-9c00-a2100b281624/back' cannot be proxied to UiAutomator2 server because the instrumentation process is not running (probably crashed). Check the server log and/or the logcat output for more details
Stacktrace:
InvalidContextError: 'POST /wd/hub/session/0cee4a5b-ddd5-4cdd-9c00-a2100b281624/back' cannot be proxied to UiAutomator2 server because the instrumentation process is not running (probably crashed). Check the server log and/or the logcat output for more details
    at UIA2Proxy.proxyCommand (file:///C:/Users/dong_/.appium/node_modules/appium-uiautomator2-driver/build/lib/uiautomator2-server/core.js:23:19)
    at UIA2Proxy.proxyReqRes (C:\Users\dong_\AppData\Roaming\npm\node_modules\appium\node_modules\@appium\base-driver\build\lib\jsonwp-proxy\proxy.js:327:49)
    at runCommandPromise (C:\Users\dong_\AppData\Roaming\npm\node_modules\appium\node_modules\@appium\base-driver\build\lib\basedriver\driver.js:120:29)
    at C:\Users\dong_\AppData\Roaming\npm\node_modules\appium\node_modules\async-lock\lib\index.js:171:12
    at AsyncLock._promiseTry (C:\Users\dong_\AppData\Roaming\npm\node_modules\appium\node_modules\async-lock\lib\index.js:306:31)
    at exec (C:\Users\dong_\AppData\Roaming\npm\node_modules\appium\node_modules\async-lock\lib\index.js:170:9)
    at AsyncLock.acquire (C:\Users\dong_\AppData\Roaming\npm\node_modules\appium\node_modules\async-lock\lib\index.js:189:3)
    at AndroidUiautomator2Driver.executeCommand (C:\Users\dong_\AppData\Roaming\npm\node_modules\appium\node_modules\@appium\base-driver\build\lib\basedriver\driver.js:161:45)
    at process.processTicksAndRejections (node:internal/process/task_queues:104:5)
    at async defaultBehavior (C:\Users\dong_\AppData\Roaming\npm\node_modules\appium\build\lib\appium.js:587:20)
    at async AppiumDriver.executeWrappedCommand (C:\Users\dong_\AppData\Roaming\npm\node_modules\appium\build\lib\appium.js:694:22)
    at async AppiumDriver.executeCommand (C:\Users\dong_\AppData\Roaming\npm\node_modules\appium\build\lib\appium.js:598:21)
    at async doJwpProxy (C:\Users\dong_\AppData\Roaming\npm\node_modules\appium\node_modules\@appium\base-driver\build\lib\protocol\protocol.js:515:9)
    at async asyncHandler (C:\Users\dong_\AppData\Roaming\npm\node_modules\appium\node_modules\@appium\base-driver\build\lib\protocol\protocol.js:354:21)</status>
</test>
<test id="s1-t2" name="case_002 精选模板焦点移动检查" line="26">
<doc>首页通栏模板</doc>
<tag>smoke</tag>
<status status="FAIL" start="2026-07-15T09:29:14.951288" elapsed="0.000000">Parent suite setup failed:
WebDriverException: Message: 'POST /wd/hub/session/0cee4a5b-ddd5-4cdd-9c00-a2100b281624/back' cannot be proxied to UiAutomator2 server because the instrumentation process is not running (probably crashed). Check the server log and/or the logcat output for more details
Stacktrace:
InvalidContextError: 'POST /wd/hub/session/0cee4a5b-ddd5-4cdd-9c00-a2100b281624/back' cannot be proxied to UiAutomator2 server because the instrumentation process is not running (probably crashed). Check the server log and/or the logcat output for more details
    at UIA2Proxy.proxyCommand (file:///C:/Users/dong_/.appium/node_modules/appium-uiautomator2-driver/build/lib/uiautomator2-server/core.js:23:19)
    at UIA2Proxy.proxyReqRes (C:\Users\dong_\AppData\Roaming\npm\node_modules\appium\node_modules\@appium\base-driver\build\lib\jsonwp-proxy\proxy.js:327:49)
    at runCommandPromise (C:\Users\dong_\AppData\Roaming\npm\node_modules\appium\node_modules\@appium\base-driver\build\lib\basedriver\driver.js:120:29)
    at C:\Users\dong_\AppData\Roaming\npm\node_modules\appium\node_modules\async-lock\lib\index.js:171:12
    at AsyncLock._promiseTry (C:\Users\dong_\AppData\Roaming\npm\node_modules\appium\node_modules\async-lock\lib\index.js:306:31)
    at exec (C:\Users\dong_\AppData\Roaming\npm\node_modules\appium\node_modules\async-lock\lib\index.js:170:9)
    at AsyncLock.acquire (C:\Users\dong_\AppData\Roaming\npm\node_modules\appium\node_modules\async-lock\lib\index.js:189:3)
    at AndroidUiautomator2Driver.executeCommand (C:\Users\dong_\AppData\Roaming\npm\node_modules\appium\node_modules\@appium\base-driver\build\lib\basedriver\driver.js:161:45)
    at process.processTicksAndRejections (node:internal/process/task_queues:104:5)
    at async defaultBehavior (C:\Users\dong_\AppData\Roaming\npm\node_modules\appium\build\lib\appium.js:587:20)
    at async AppiumDriver.executeWrappedCommand (C:\Users\dong_\AppData\Roaming\npm\node_modules\appium\build\lib\appium.js:694:22)
    at async AppiumDriver.executeCommand (C:\Users\dong_\AppData\Roaming\npm\node_modules\appium\build\lib\appium.js:598:21)
    at async doJwpProxy (C:\Users\dong_\AppData\Roaming\npm\node_modules\appium\node_modules\@appium\base-driver\build\lib\protocol\protocol.js:515:9)
    at async asyncHandler (C:\Users\dong_\AppData\Roaming\npm\node_modules\appium\node_modules\@appium\base-driver\build\lib\protocol\protocol.js:354:21)</status>
</test>
<test id="s1-t3" name="case_003 精选模板历史记录跳转返回检查" line="34">
<doc>首页通栏模板</doc>
<status status="FAIL" start="2026-07-15T09:29:14.955713" elapsed="0.000000">Parent suite setup failed:
WebDriverException: Message: 'POST /wd/hub/session/0cee4a5b-ddd5-4cdd-9c00-a2100b281624/back' cannot be proxied to UiAutomator2 server because the instrumentation process is not running (probably crashed). Check the server log and/or the logcat output for more details
Stacktrace:
InvalidContextError: 'POST /wd/hub/session/0cee4a5b-ddd5-4cdd-9c00-a2100b281624/back' cannot be proxied to UiAutomator2 server because the instrumentation process is not running (probably crashed). Check the server log and/or the logcat output for more details
    at UIA2Proxy.proxyCommand (file:///C:/Users/dong_/.appium/node_modules/appium-uiautomator2-driver/build/lib/uiautomator2-server/core.js:23:19)
    at UIA2Proxy.proxyReqRes (C:\Users\dong_\AppData\Roaming\npm\node_modules\appium\node_modules\@appium\base-driver\build\lib\jsonwp-proxy\proxy.js:327:49)
    at runCommandPromise (C:\Users\dong_\AppData\Roaming\npm\node_modules\appium\node_modules\@appium\base-driver\build\lib\basedriver\driver.js:120:29)
    at C:\Users\dong_\AppData\Roaming\npm\node_modules\appium\node_modules\async-lock\lib\index.js:171:12
    at AsyncLock._promiseTry (C:\Users\dong_\AppData\Roaming\npm\node_modules\appium\node_modules\async-lock\lib\index.js:306:31)
    at exec (C:\Users\dong_\AppData\Roaming\npm\node_modules\appium\node_modules\async-lock\lib\index.js:170:9)
    at AsyncLock.acquire (C:\Users\dong_\AppData\Roaming\npm\node_modules\appium\node_modules\async-lock\lib\index.js:189:3)
    at AndroidUiautomator2Driver.executeCommand (C:\Users\dong_\AppData\Roaming\npm\node_modules\appium\node_modules\@appium\base-driver\build\lib\basedriver\driver.js:161:45)
    at process.processTicksAndRejections (node:internal/process/task_queues:104:5)
    at async defaultBehavior (C:\Users\dong_\AppData\Roaming\npm\node_modules\appium\build\lib\appium.js:587:20)
    at async AppiumDriver.executeWrappedCommand (C:\Users\dong_\AppData\Roaming\npm\node_modules\appium\build\lib\appium.js:694:22)
    at async AppiumDriver.executeCommand (C:\Users\dong_\AppData\Roaming\npm\node_modules\appium\build\lib\appium.js:598:21)
    at async doJwpProxy (C:\Users\dong_\AppData\Roaming\npm\node_modules\appium\node_modules\@appium\base-driver\build\lib\protocol\protocol.js:515:9)
    at async asyncHandler (C:\Users\dong_\AppData\Roaming\npm\node_modules\appium\node_modules\@appium\base-driver\build\lib\protocol\protocol.js:354:21)</status>
</test>
<test id="s1-t4" name="case_004 精选模板大图跳转返回检查" line="46">
<doc>首页通栏模板</doc>
<status status="FAIL" start="2026-07-15T09:29:14.957155" elapsed="0.000000">Parent suite setup failed:
WebDriverException: Message: 'POST /wd/hub/session/0cee4a5b-ddd5-4cdd-9c00-a2100b281624/back' cannot be proxied to UiAutomator2 server because the instrumentation process is not running (probably crashed). Check the server log and/or the logcat output for more details
Stacktrace:
InvalidContextError: 'POST /wd/hub/session/0cee4a5b-ddd5-4cdd-9c00-a2100b281624/back' cannot be proxied to UiAutomator2 server because the instrumentation process is not running (probably crashed). Check the server log and/or the logcat output for more details
    at UIA2Proxy.proxyCommand (file:///C:/Users/dong_/.appium/node_modules/appium-uiautomator2-driver/build/lib/uiautomator2-server/core.js:23:19)
    at UIA2Proxy.proxyReqRes (C:\Users\dong_\AppData\Roaming\npm\node_modules\appium\node_modules\@appium\base-driver\build\lib\jsonwp-proxy\proxy.js:327:49)
    at runCommandPromise (C:\Users\dong_\AppData\Roaming\npm\node_modules\appium\node_modules\@appium\base-driver\build\lib\basedriver\driver.js:120:29)
    at C:\Users\dong_\AppData\Roaming\npm\node_modules\appium\node_modules\async-lock\lib\index.js:171:12
    at AsyncLock._promiseTry (C:\Users\dong_\AppData\Roaming\npm\node_modules\appium\node_modules\async-lock\lib\index.js:306:31)
    at exec (C:\Users\dong_\AppData\Roaming\npm\node_modules\appium\node_modules\async-lock\lib\index.js:170:9)
    at AsyncLock.acquire (C:\Users\dong_\AppData\Roaming\npm\node_modules\appium\node_modules\async-lock\lib\index.js:189:3)
    at AndroidUiautomator2Driver.executeCommand (C:\Users\dong_\AppData\Roaming\npm\node_modules\appium\node_modules\@appium\base-driver\build\lib\basedriver\driver.js:161:45)
    at process.processTicksAndRejections (node:internal/process/task_queues:104:5)
    at async defaultBehavior (C:\Users\dong_\AppData\Roaming\npm\node_modules\appium\build\lib\appium.js:587:20)
    at async AppiumDriver.executeWrappedCommand (C:\Users\dong_\AppData\Roaming\npm\node_modules\appium\build\lib\appium.js:694:22)
    at async AppiumDriver.executeCommand (C:\Users\dong_\AppData\Roaming\npm\node_modules\appium\build\lib\appium.js:598:21)
    at async doJwpProxy (C:\Users\dong_\AppData\Roaming\npm\node_modules\appium\node_modules\@appium\base-driver\build\lib\protocol\protocol.js:515:9)
    at async asyncHandler (C:\Users\dong_\AppData\Roaming\npm\node_modules\appium\node_modules\@appium\base-driver\build\lib\protocol\protocol.js:354:21)</status>
</test>
<test id="s1-t5" name="case_005 新直播居中模板页面检查" line="58">
<doc>首页通栏模板-新直播居中模板  common_live_mid2_template</doc>
<tag>smoke</tag>
<status status="FAIL" start="2026-07-15T09:29:14.957155" elapsed="0.001506">Parent suite setup failed:
WebDriverException: Message: 'POST /wd/hub/session/0cee4a5b-ddd5-4cdd-9c00-a2100b281624/back' cannot be proxied to UiAutomator2 server because the instrumentation process is not running (probably crashed). Check the server log and/or the logcat output for more details
Stacktrace:
InvalidContextError: 'POST /wd/hub/session/0cee4a5b-ddd5-4cdd-9c00-a2100b281624/back' cannot be proxied to UiAutomator2 server because the instrumentation process is not running (probably crashed). Check the server log and/or the logcat output for more details
    at UIA2Proxy.proxyCommand (file:///C:/Users/dong_/.appium/node_modules/appium-uiautomator2-driver/build/lib/uiautomator2-server/core.js:23:19)
    at UIA2Proxy.proxyReqRes (C:\Users\dong_\AppData\Roaming\npm\node_modules\appium\node_modules\@appium\base-driver\build\lib\jsonwp-proxy\proxy.js:327:49)
    at runCommandPromise (C:\Users\dong_\AppData\Roaming\npm\node_modules\appium\node_modules\@appium\base-driver\build\lib\basedriver\driver.js:120:29)
    at C:\Users\dong_\AppData\Roaming\npm\node_modules\appium\node_modules\async-lock\lib\index.js:171:12
    at AsyncLock._promiseTry (C:\Users\dong_\AppData\Roaming\npm\node_modules\appium\node_modules\async-lock\lib\index.js:306:31)
    at exec (C:\Users\dong_\AppData\Roaming\npm\node_modules\appium\node_modules\async-lock\lib\index.js:170:9)
    at AsyncLock.acquire (C:\Users\dong_\AppData\Roaming\npm\node_modules\appium\node_modules\async-lock\lib\index.js:189:3)
    at AndroidUiautomator2Driver.executeCommand (C:\Users\dong_\AppData\Roaming\npm\node_modules\appium\node_modules\@appium\base-driver\build\lib\basedriver\driver.js:161:45)
    at process.processTicksAndRejections (node:internal/process/task_queues:104:5)
    at async defaultBehavior (C:\Users\dong_\AppData\Roaming\npm\node_modules\appium\build\lib\appium.js:587:20)
    at async AppiumDriver.executeWrappedCommand (C:\Users\dong_\AppData\Roaming\npm\node_modules\appium\build\lib\appium.js:694:22)
    at async AppiumDriver.executeCommand (C:\Users\dong_\AppData\Roaming\npm\node_modules\appium\build\lib\appium.js:598:21)
    at async doJwpProxy (C:\Users\dong_\AppData\Roaming\npm\node_modules\appium\node_modules\@appium\base-driver\build\lib\protocol\protocol.js:515:9)
    at async asyncHandler (C:\Users\dong_\AppData\Roaming\npm\node_modules\appium\node_modules\@appium\base-driver\build\lib\protocol\protocol.js:354:21)</status>
</test>
<test id="s1-t6" name="case_006 直播模板后台不下发强制起播频道，有播放历史，播放历史频道" line="71">
<doc>首页通栏模板</doc>
<tag>smoke</tag>
<status status="FAIL" start="2026-07-15T09:29:14.958661" elapsed="0.000000">Parent suite setup failed:
WebDriverException: Message: 'POST /wd/hub/session/0cee4a5b-ddd5-4cdd-9c00-a2100b281624/back' cannot be proxied to UiAutomator2 server because the instrumentation process is not running (probably crashed). Check the server log and/or the logcat output for more details
Stacktrace:
InvalidContextError: 'POST /wd/hub/session/0cee4a5b-ddd5-4cdd-9c00-a2100b281624/back' cannot be proxied to UiAutomator2 server because the instrumentation process is not running (probably crashed). Check the server log and/or the logcat output for more details
    at UIA2Proxy.proxyCommand (file:///C:/Users/dong_/.appium/node_modules/appium-uiautomator2-driver/build/lib/uiautomator2-server/core.js:23:19)
    at UIA2Proxy.proxyReqRes (C:\Users\dong_\AppData\Roaming\npm\node_modules\appium\node_modules\@appium\base-driver\build\lib\jsonwp-proxy\proxy.js:327:49)
    at runCommandPromise (C:\Users\dong_\AppData\Roaming\npm\node_modules\appium\node_modules\@appium\base-driver\build\lib\basedriver\driver.js:120:29)
    at C:\Users\dong_\AppData\Roaming\npm\node_modules\appium\node_modules\async-lock\lib\index.js:171:12
    at AsyncLock._promiseTry (C:\Users\dong_\AppData\Roaming\npm\node_modules\appium\node_modules\async-lock\lib\index.js:306:31)
    at exec (C:\Users\dong_\AppData\Roaming\npm\node_modules\appium\node_modules\async-lock\lib\index.js:170:9)
    at AsyncLock.acquire (C:\Users\dong_\AppData\Roaming\npm\node_modules\appium\node_modules\async-lock\lib\index.js:189:3)
    at AndroidUiautomator2Driver.executeCommand (C:\Users\dong_\AppData\Roaming\npm\node_modules\appium\node_modules\@appium\base-driver\build\lib\basedriver\driver.js:161:45)
    at process.processTicksAndRejections (node:internal/process/task_queues:104:5)
    at async defaultBehavior (C:\Users\dong_\AppData\Roaming\npm\node_modules\appium\build\lib\appium.js:587:20)
    at async AppiumDriver.executeWrappedCommand (C:\Users\dong_\AppData\Roaming\npm\node_modules\appium\build\lib\appium.js:694:22)
    at async AppiumDriver.executeCommand (C:\Users\dong_\AppData\Roaming\npm\node_modules\appium\build\lib\appium.js:598:21)
    at async doJwpProxy (C:\Users\dong_\AppData\Roaming\npm\node_modules\appium\node_modules\@appium\base-driver\build\lib\protocol\protocol.js:515:9)
    at async asyncHandler (C:\Users\dong_\AppData\Roaming\npm\node_modules\appium\node_modules\@appium\base-driver\build\lib\protocol\protocol.js:354:21)</status>
</test>
<test id="s1-t7" name="case_007 直播模板默认焦点检查" line="84">
<doc>首页通栏模板</doc>
<tag>smoke</tag>
<status status="FAIL" start="2026-07-15T09:29:14.958661" elapsed="0.001478">Parent suite setup failed:
WebDriverException: Message: 'POST /wd/hub/session/0cee4a5b-ddd5-4cdd-9c00-a2100b281624/back' cannot be proxied to UiAutomator2 server because the instrumentation process is not running (probably crashed). Check the server log and/or the logcat output for more details
Stacktrace:
InvalidContextError: 'POST /wd/hub/session/0cee4a5b-ddd5-4cdd-9c00-a2100b281624/back' cannot be proxied to UiAutomator2 server because the instrumentation process is not running (probably crashed). Check the server log and/or the logcat output for more details
    at UIA2Proxy.proxyCommand (file:///C:/Users/dong_/.appium/node_modules/appium-uiautomator2-driver/build/lib/uiautomator2-server/core.js:23:19)
    at UIA2Proxy.proxyReqRes (C:\Users\dong_\AppData\Roaming\npm\node_modules\appium\node_modules\@appium\base-driver\build\lib\jsonwp-proxy\proxy.js:327:49)
    at runCommandPromise (C:\Users\dong_\AppData\Roaming\npm\node_modules\appium\node_modules\@appium\base-driver\build\lib\basedriver\driver.js:120:29)
    at C:\Users\dong_\AppData\Roaming\npm\node_modules\appium\node_modules\async-lock\lib\index.js:171:12
    at AsyncLock._promiseTry (C:\Users\dong_\AppData\Roaming\npm\node_modules\appium\node_modules\async-lock\lib\index.js:306:31)
    at exec (C:\Users\dong_\AppData\Roaming\npm\node_modules\appium\node_modules\async-lock\lib\index.js:170:9)
    at AsyncLock.acquire (C:\Users\dong_\AppData\Roaming\npm\node_modules\appium\node_modules\async-lock\lib\index.js:189:3)
    at AndroidUiautomator2Driver.executeCommand (C:\Users\dong_\AppData\Roaming\npm\node_modules\appium\node_modules\@appium\base-driver\build\lib\basedriver\driver.js:161:45)
    at process.processTicksAndRejections (node:internal/process/task_queues:104:5)
    at async defaultBehavior (C:\Users\dong_\AppData\Roaming\npm\node_modules\appium\build\lib\appium.js:587:20)
    at async AppiumDriver.executeWrappedCommand (C:\Users\dong_\AppData\Roaming\npm\node_modules\appium\build\lib\appium.js:694:22)
    at async AppiumDriver.executeCommand (C:\Users\dong_\AppData\Roaming\npm\node_modules\appium\build\lib\appium.js:598:21)
    at async doJwpProxy (C:\Users\dong_\AppData\Roaming\npm\node_modules\appium\node_modules\@appium\base-driver\build\lib\protocol\protocol.js:515:9)
    at async asyncHandler (C:\Users\dong_\AppData\Roaming\npm\node_modules\appium\node_modules\@appium\base-driver\build\lib\protocol\protocol.js:354:21)</status>
</test>
<test id="s1-t8" name="case_008 直播模板焦点移动检查" line="95">
<doc>首页通栏模板</doc>
<status status="FAIL" start="2026-07-15T09:29:14.960139" elapsed="0.000000">Parent suite setup failed:
WebDriverException: Message: 'POST /wd/hub/session/0cee4a5b-ddd5-4cdd-9c00-a2100b281624/back' cannot be proxied to UiAutomator2 server because the instrumentation process is not running (probably crashed). Check the server log and/or the logcat output for more details
Stacktrace:
InvalidContextError: 'POST /wd/hub/session/0cee4a5b-ddd5-4cdd-9c00-a2100b281624/back' cannot be proxied to UiAutomator2 server because the instrumentation process is not running (probably crashed). Check the server log and/or the logcat output for more details
    at UIA2Proxy.proxyCommand (file:///C:/Users/dong_/.appium/node_modules/appium-uiautomator2-driver/build/lib/uiautomator2-server/core.js:23:19)
    at UIA2Proxy.proxyReqRes (C:\Users\dong_\AppData\Roaming\npm\node_modules\appium\node_modules\@appium\base-driver\build\lib\jsonwp-proxy\proxy.js:327:49)
    at runCommandPromise (C:\Users\dong_\AppData\Roaming\npm\node_modules\appium\node_modules\@appium\base-driver\build\lib\basedriver\driver.js:120:29)
    at C:\Users\dong_\AppData\Roaming\npm\node_modules\appium\node_modules\async-lock\lib\index.js:171:12
    at AsyncLock._promiseTry (C:\Users\dong_\AppData\Roaming\npm\node_modules\appium\node_modules\async-lock\lib\index.js:306:31)
    at exec (C:\Users\dong_\AppData\Roaming\npm\node_modules\appium\node_modules\async-lock\lib\index.js:170:9)
    at AsyncLock.acquire (C:\Users\dong_\AppData\Roaming\npm\node_modules\appium\node_modules\async-lock\lib\index.js:189:3)
    at AndroidUiautomator2Driver.executeCommand (C:\Users\dong_\AppData\Roaming\npm\node_modules\appium\node_modules\@appium\base-driver\build\lib\basedriver\driver.js:161:45)
    at process.processTicksAndRejections (node:internal/process/task_queues:104:5)
    at async defaultBehavior (C:\Users\dong_\AppData\Roaming\npm\node_modules\appium\build\lib\appium.js:587:20)
    at async AppiumDriver.executeWrappedCommand (C:\Users\dong_\AppData\Roaming\npm\node_modules\appium\build\lib\appium.js:694:22)
    at async AppiumDriver.executeCommand (C:\Users\dong_\AppData\Roaming\npm\node_modules\appium\build\lib\appium.js:598:21)
    at async doJwpProxy (C:\Users\dong_\AppData\Roaming\npm\node_modules\appium\node_modules\@appium\base-driver\build\lib\protocol\protocol.js:515:9)
    at async asyncHandler (C:\Users\dong_\AppData\Roaming\npm\node_modules\appium\node_modules\@appium\base-driver\build\lib\protocol\protocol.js:354:21)</status>
</test>
<test id="s1-t9" name="case_009 直播频道名称显示检查" line="105">
<doc>首页通栏模板</doc>
<status status="FAIL" start="2026-07-15T09:29:14.960139" elapsed="0.001006">Parent suite setup failed:
WebDriverException: Message: 'POST /wd/hub/session/0cee4a5b-ddd5-4cdd-9c00-a2100b281624/back' cannot be proxied to UiAutomator2 server because the instrumentation process is not running (probably crashed). Check the server log and/or the logcat output for more details
Stacktrace:
InvalidContextError: 'POST /wd/hub/session/0cee4a5b-ddd5-4cdd-9c00-a2100b281624/back' cannot be proxied to UiAutomator2 server because the instrumentation process is not running (probably crashed). Check the server log and/or the logcat output for more details
    at UIA2Proxy.proxyCommand (file:///C:/Users/dong_/.appium/node_modules/appium-uiautomator2-driver/build/lib/uiautomator2-server/core.js:23:19)
    at UIA2Proxy.proxyReqRes (C:\Users\dong_\AppData\Roaming\npm\node_modules\appium\node_modules\@appium\base-driver\build\lib\jsonwp-proxy\proxy.js:327:49)
    at runCommandPromise (C:\Users\dong_\AppData\Roaming\npm\node_modules\appium\node_modules\@appium\base-driver\build\lib\basedriver\driver.js:120:29)
    at C:\Users\dong_\AppData\Roaming\npm\node_modules\appium\node_modules\async-lock\lib\index.js:171:12
    at AsyncLock._promiseTry (C:\Users\dong_\AppData\Roaming\npm\node_modules\appium\node_modules\async-lock\lib\index.js:306:31)
    at exec (C:\Users\dong_\AppData\Roaming\npm\node_modules\appium\node_modules\async-lock\lib\index.js:170:9)
    at AsyncLock.acquire (C:\Users\dong_\AppData\Roaming\npm\node_modules\appium\node_modules\async-lock\lib\index.js:189:3)
    at AndroidUiautomator2Driver.executeCommand (C:\Users\dong_\AppData\Roaming\npm\node_modules\appium\node_modules\@appium\base-driver\build\lib\basedriver\driver.js:161:45)
    at process.processTicksAndRejections (node:internal/process/task_queues:104:5)
    at async defaultBehavior (C:\Users\dong_\AppData\Roaming\npm\node_modules\appium\build\lib\appium.js:587:20)
    at async AppiumDriver.executeWrappedCommand (C:\Users\dong_\AppData\Roaming\npm\node_modules\appium\build\lib\appium.js:694:22)
    at async AppiumDriver.executeCommand (C:\Users\dong_\AppData\Roaming\npm\node_modules\appium\build\lib\appium.js:598:21)
    at async doJwpProxy (C:\Users\dong_\AppData\Roaming\npm\node_modules\appium\node_modules\@appium\base-driver\build\lib\protocol\protocol.js:515:9)
    at async asyncHandler (C:\Users\dong_\AppData\Roaming\npm\node_modules\appium\node_modules\@appium\base-driver\build\lib\protocol\protocol.js:354:21)</status>
</test>
<test id="s1-t10" name="case_010 直播模板小视频全屏切换检查" line="114">
<doc>首页通栏模板</doc>
<status status="FAIL" start="2026-07-15T09:29:14.961145" elapsed="0.000000">Parent suite setup failed:
WebDriverException: Message: 'POST /wd/hub/session/0cee4a5b-ddd5-4cdd-9c00-a2100b281624/back' cannot be proxied to UiAutomator2 server because the instrumentation process is not running (probably crashed). Check the server log and/or the logcat output for more details
Stacktrace:
InvalidContextError: 'POST /wd/hub/session/0cee4a5b-ddd5-4cdd-9c00-a2100b281624/back' cannot be proxied to UiAutomator2 server because the instrumentation process is not running (probably crashed). Check the server log and/or the logcat output for more details
    at UIA2Proxy.proxyCommand (file:///C:/Users/dong_/.appium/node_modules/appium-uiautomator2-driver/build/lib/uiautomator2-server/core.js:23:19)
    at UIA2Proxy.proxyReqRes (C:\Users\dong_\AppData\Roaming\npm\node_modules\appium\node_modules\@appium\base-driver\build\lib\jsonwp-proxy\proxy.js:327:49)
    at runCommandPromise (C:\Users\dong_\AppData\Roaming\npm\node_modules\appium\node_modules\@appium\base-driver\build\lib\basedriver\driver.js:120:29)
    at C:\Users\dong_\AppData\Roaming\npm\node_modules\appium\node_modules\async-lock\lib\index.js:171:12
    at AsyncLock._promiseTry (C:\Users\dong_\AppData\Roaming\npm\node_modules\appium\node_modules\async-lock\lib\index.js:306:31)
    at exec (C:\Users\dong_\AppData\Roaming\npm\node_modules\appium\node_modules\async-lock\lib\index.js:170:9)
    at AsyncLock.acquire (C:\Users\dong_\AppData\Roaming\npm\node_modules\appium\node_modules\async-lock\lib\index.js:189:3)
    at AndroidUiautomator2Driver.executeCommand (C:\Users\dong_\AppData\Roaming\npm\node_modules\appium\node_modules\@appium\base-driver\build\lib\basedriver\driver.js:161:45)
    at process.processTicksAndRejections (node:internal/process/task_queues:104:5)
    at async defaultBehavior (C:\Users\dong_\AppData\Roaming\npm\node_modules\appium\build\lib\appium.js:587:20)
    at async AppiumDriver.executeWrappedCommand (C:\Users\dong_\AppData\Roaming\npm\node_modules\appium\build\lib\appium.js:694:22)
    at async AppiumDriver.executeCommand (C:\Users\dong_\AppData\Roaming\npm\node_modules\appium\build\lib\appium.js:598:21)
    at async doJwpProxy (C:\Users\dong_\AppData\Roaming\npm\node_modules\appium\node_modules\@appium\base-driver\build\lib\protocol\protocol.js:515:9)
    at async asyncHandler (C:\Users\dong_\AppData\Roaming\npm\node_modules\appium\node_modules\@appium\base-driver\build\lib\protocol\protocol.js:354:21)</status>
</test>
<test id="s1-t11" name="case_011 直播模板列表频道播放检查" line="125">
<doc>首页通栏模板</doc>
<status status="FAIL" start="2026-07-15T09:29:14.961145" elapsed="0.001122">Parent suite setup failed:
WebDriverException: Message: 'POST /wd/hub/session/0cee4a5b-ddd5-4cdd-9c00-a2100b281624/back' cannot be proxied to UiAutomator2 server because the instrumentation process is not running (probably crashed). Check the server log and/or the logcat output for more details
Stacktrace:
InvalidContextError: 'POST /wd/hub/session/0cee4a5b-ddd5-4cdd-9c00-a2100b281624/back' cannot be proxied to UiAutomator2 server because the instrumentation process is not running (probably crashed). Check the server log and/or the logcat output for more details
    at UIA2Proxy.proxyCommand (file:///C:/Users/dong_/.appium/node_modules/appium-uiautomator2-driver/build/lib/uiautomator2-server/core.js:23:19)
    at UIA2Proxy.proxyReqRes (C:\Users\dong_\AppData\Roaming\npm\node_modules\appium\node_modules\@appium\base-driver\build\lib\jsonwp-proxy\proxy.js:327:49)
    at runCommandPromise (C:\Users\dong_\AppData\Roaming\npm\node_modules\appium\node_modules\@appium\base-driver\build\lib\basedriver\driver.js:120:29)
    at C:\Users\dong_\AppData\Roaming\npm\node_modules\appium\node_modules\async-lock\lib\index.js:171:12
    at AsyncLock._promiseTry (C:\Users\dong_\AppData\Roaming\npm\node_modules\appium\node_modules\async-lock\lib\index.js:306:31)
    at exec (C:\Users\dong_\AppData\Roaming\npm\node_modules\appium\node_modules\async-lock\lib\index.js:170:9)
    at AsyncLock.acquire (C:\Users\dong_\AppData\Roaming\npm\node_modules\appium\node_modules\async-lock\lib\index.js:189:3)
    at AndroidUiautomator2Driver.executeCommand (C:\Users\dong_\AppData\Roaming\npm\node_modules\appium\node_modules\@appium\base-driver\build\lib\basedriver\driver.js:161:45)
    at process.processTicksAndRejections (node:internal/process/task_queues:104:5)
    at async defaultBehavior (C:\Users\dong_\AppData\Roaming\npm\node_modules\appium\build\lib\appium.js:587:20)
    at async AppiumDriver.executeWrappedCommand (C:\Users\dong_\AppData\Roaming\npm\node_modules\appium\build\lib\appium.js:694:22)
    at async AppiumDriver.executeCommand (C:\Users\dong_\AppData\Roaming\npm\node_modules\appium\build\lib\appium.js:598:21)
    at async doJwpProxy (C:\Users\dong_\AppData\Roaming\npm\node_modules\appium\node_modules\@appium\base-driver\build\lib\protocol\protocol.js:515:9)
    at async asyncHandler (C:\Users\dong_\AppData\Roaming\npm\node_modules\appium\node_modules\@appium\base-driver\build\lib\protocol\protocol.js:354:21)</status>
</test>
<test id="s1-t12" name="case_011_01 直播小窗交互检查" line="136">
<doc>首页通栏模板</doc>
<status status="FAIL" start="2026-07-15T09:29:14.962267" elapsed="0.000000">Parent suite setup failed:
WebDriverException: Message: 'POST /wd/hub/session/0cee4a5b-ddd5-4cdd-9c00-a2100b281624/back' cannot be proxied to UiAutomator2 server because the instrumentation process is not running (probably crashed). Check the server log and/or the logcat output for more details
Stacktrace:
InvalidContextError: 'POST /wd/hub/session/0cee4a5b-ddd5-4cdd-9c00-a2100b281624/back' cannot be proxied to UiAutomator2 server because the instrumentation process is not running (probably crashed). Check the server log and/or the logcat output for more details
    at UIA2Proxy.proxyCommand (file:///C:/Users/dong_/.appium/node_modules/appium-uiautomator2-driver/build/lib/uiautomator2-server/core.js:23:19)
    at UIA2Proxy.proxyReqRes (C:\Users\dong_\AppData\Roaming\npm\node_modules\appium\node_modules\@appium\base-driver\build\lib\jsonwp-proxy\proxy.js:327:49)
    at runCommandPromise (C:\Users\dong_\AppData\Roaming\npm\node_modules\appium\node_modules\@appium\base-driver\build\lib\basedriver\driver.js:120:29)
    at C:\Users\dong_\AppData\Roaming\npm\node_modules\appium\node_modules\async-lock\lib\index.js:171:12
    at AsyncLock._promiseTry (C:\Users\dong_\AppData\Roaming\npm\node_modules\appium\node_modules\async-lock\lib\index.js:306:31)
[...]
    at C:\Users\dong_\AppData\Roaming\npm\node_modules\appium\node_modules\async-lock\lib\index.js:171:12
    at AsyncLock._promiseTry (C:\Users\dong_\AppData\Roaming\npm\node_modules\appium\node_modules\async-lock\lib\index.js:306:31)
    at exec (C:\Users\dong_\AppData\Roaming\npm\node_modules\appium\node_modules\async-lock\lib\index.js:170:9)
    at AsyncLock.acquire (C:\Users\dong_\AppData\Roaming\npm\node_modules\appium\node_modules\async-lock\lib\index.js:189:3)
    at AndroidUiautomator2Driver.executeCommand (C:\Users\dong_\AppData\Roaming\npm\node_modules\appium\node_modules\@appium\base-driver\build\lib\basedriver\driver.js:161:45)
    at process.processTicksAndRejections (node:internal/process/task_queues:104:5)
    at async defaultBehavior (C:\Users\dong_\AppData\Roaming\npm\node_modules\appium\build\lib\appium.js:587:20)
    at async AppiumDriver.executeWrappedCommand (C:\Users\dong_\AppData\Roaming\npm\node_modules\appium\build\lib\appium.js:694:22)
    at async AppiumDriver.executeCommand (C:\Users\dong_\AppData\Roaming\npm\node_modules\appium\build\lib\appium.js:598:21)
    at async doJwpProxy (C:\Users\dong_\AppData\Roaming\npm\node_modules\appium\node_modules\@appium\base-driver\build\lib\protocol\protocol.js:515:9)
    at async asyncHandler (C:\Users\dong_\AppData\Roaming\npm\node_modules\appium\node_modules\@appium\base-driver\build\lib\protocol\protocol.js:354:21)</status>
</test>
<test id="s1-t109" name="case_106 分类1+4模板页面检查" line="926">
<doc>首页通栏模板</doc>
<status status="FAIL" start="2026-07-15T09:29:15.054274" elapsed="0.000000">Parent suite setup failed:
WebDriverException: Message: 'POST /wd/hub/session/0cee4a5b-ddd5-4cdd-9c00-a2100b281624/back' cannot be proxied to UiAutomator2 server because the instrumentation process is not running (probably crashed). Check the server log and/or the logcat output for more details
Stacktrace:
InvalidContextError: 'POST /wd/hub/session/0cee4a5b-ddd5-4cdd-9c00-a2100b281624/back' cannot be proxied to UiAutomator2 server because the instrumentation process is not running (probably crashed). Check the server log and/or the logcat output for more details
    at UIA2Proxy.proxyCommand (file:///C:/Users/dong_/.appium/node_modules/appium-uiautomator2-driver/build/lib/uiautomator2-server/core.js:23:19)
    at UIA2Proxy.proxyReqRes (C:\Users\dong_\AppData\Roaming\npm\node_modules\appium\node_modules\@appium\base-driver\build\lib\jsonwp-proxy\proxy.js:327:49)
    at runCommandPromise (C:\Users\dong_\AppData\Roaming\npm\node_modules\appium\node_modules\@appium\base-driver\build\lib\basedriver\driver.js:120:29)
    at C:\Users\dong_\AppData\Roaming\npm\node_modules\appium\node_modules\async-lock\lib\index.js:171:12
    at AsyncLock._promiseTry (C:\Users\dong_\AppData\Roaming\npm\node_modules\appium\node_modules\async-lock\lib\index.js:306:31)
    at exec (C:\Users\dong_\AppData\Roaming\npm\node_modules\appium\node_modules\async-lock\lib\index.js:170:9)
    at AsyncLock.acquire (C:\Users\dong_\AppData\Roaming\npm\node_modules\appium\node_modules\async-lock\lib\index.js:189:3)
    at AndroidUiautomator2Driver.executeCommand (C:\Users\dong_\AppData\Roaming\npm\node_modules\appium\node_modules\@appium\base-driver\build\lib\basedriver\driver.js:161:45)
    at process.processTicksAndRejections (node:internal/process/task_queues:104:5)
    at async defaultBehavior (C:\Users\dong_\AppData\Roaming\npm\node_modules\appium\build\lib\appium.js:587:20)
    at async AppiumDriver.executeWrappedCommand (C:\Users\dong_\AppData\Roaming\npm\node_modules\appium\build\lib\appium.js:694:22)
    at async AppiumDriver.executeCommand (C:\Users\dong_\AppData\Roaming\npm\node_modules\appium\build\lib\appium.js:598:21)
    at async doJwpProxy (C:\Users\dong_\AppData\Roaming\npm\node_modules\appium\node_modules\@appium\base-driver\build\lib\protocol\protocol.js:515:9)
    at async asyncHandler (C:\Users\dong_\AppData\Roaming\npm\node_modules\appium\node_modules\@appium\base-driver\build\lib\protocol\protocol.js:354:21)</status>
</test>
<test id="s1-t110" name="case_107 分类1+4模板小方图媒资跳转" line="932">
<doc>首页通栏模板</doc>
<status status="FAIL" start="2026-07-15T09:29:15.055607" elapsed="0.001184">Parent suite setup failed:
WebDriverException: Message: 'POST /wd/hub/session/0cee4a5b-ddd5-4cdd-9c00-a2100b281624/back' cannot be proxied to UiAutomator2 server because the instrumentation process is not running (probably crashed). Check the server log and/or the logcat output for more details
Stacktrace:
InvalidContextError: 'POST /wd/hub/session/0cee4a5b-ddd5-4cdd-9c00-a2100b281624/back' cannot be proxied to UiAutomator2 server because the instrumentation process is not running (probably crashed). Check the server log and/or the logcat output for more details
    at UIA2Proxy.proxyCommand (file:///C:/Users/dong_/.appium/node_modules/appium-uiautomator2-driver/build/lib/uiautomator2-server/core.js:23:19)
    at UIA2Proxy.proxyReqRes (C:\Users\dong_\AppData\Roaming\npm\node_modules\appium\node_modules\@appium\base-driver\build\lib\jsonwp-proxy\proxy.js:327:49)
    at runCommandPromise (C:\Users\dong_\AppData\Roaming\npm\node_modules\appium\node_modules\@appium\base-driver\build\lib\basedriver\driver.js:120:29)
    at C:\Users\dong_\AppData\Roaming\npm\node_modules\appium\node_modules\async-lock\lib\index.js:171:12
    at AsyncLock._promiseTry (C:\Users\dong_\AppData\Roaming\npm\node_modules\appium\node_modules\async-lock\lib\index.js:306:31)
    at exec (C:\Users\dong_\AppData\Roaming\npm\node_modules\appium\node_modules\async-lock\lib\index.js:170:9)
    at AsyncLock.acquire (C:\Users\dong_\AppData\Roaming\npm\node_modules\appium\node_modules\async-lock\lib\index.js:189:3)
    at AndroidUiautomator2Driver.executeCommand (C:\Users\dong_\AppData\Roaming\npm\node_modules\appium\node_modules\@appium\base-driver\build\lib\basedriver\driver.js:161:45)
    at process.processTicksAndRejections (node:internal/process/task_queues:104:5)
    at async defaultBehavior (C:\Users\dong_\AppData\Roaming\npm\node_modules\appium\build\lib\appium.js:587:20)
    at async AppiumDriver.executeWrappedCommand (C:\Users\dong_\AppData\Roaming\npm\node_modules\appium\build\lib\appium.js:694:22)
    at async AppiumDriver.executeCommand (C:\Users\dong_\AppData\Roaming\npm\node_modules\appium\build\lib\appium.js:598:21)
    at async doJwpProxy (C:\Users\dong_\AppData\Roaming\npm\node_modules\appium\node_modules\@appium\base-driver\build\lib\protocol\protocol.js:515:9)
    at async asyncHandler (C:\Users\dong_\AppData\Roaming\npm\node_modules\appium\node_modules\@appium\base-driver\build\lib\protocol\protocol.js:354:21)</status>
</test>
<test id="s1-t111" name="case_108 分类1+4模板长方图媒资跳转" line="938">
<doc>首页通栏模板</doc>
<status status="FAIL" start="2026-07-15T09:29:15.056791" elapsed="0.000000">Parent suite setup failed:
WebDriverException: Message: 'POST /wd/hub/session/0cee4a5b-ddd5-4cdd-9c00-a2100b281624/back' cannot be proxied to UiAutomator2 server because the instrumentation process is not running (probably crashed). Check the server log and/or the logcat output for more details
Stacktrace:
InvalidContextError: 'POST /wd/hub/session/0cee4a5b-ddd5-4cdd-9c00-a2100b281624/back' cannot be proxied to UiAutomator2 server because the instrumentation process is not running (probably crashed). Check the server log and/or the logcat output for more details
    at UIA2Proxy.proxyCommand (file:///C:/Users/dong_/.appium/node_modules/appium-uiautomator2-driver/build/lib/uiautomator2-server/core.js:23:19)
    at UIA2Proxy.proxyReqRes (C:\Users\dong_\AppData\Roaming\npm\node_modules\appium\node_modules\@appium\base-driver\build\lib\jsonwp-proxy\proxy.js:327:49)
    at runCommandPromise (C:\Users\dong_\AppData\Roaming\npm\node_modules\appium\node_modules\@appium\base-driver\build\lib\basedriver\driver.js:120:29)
    at C:\Users\dong_\AppData\Roaming\npm\node_modules\appium\node_modules\async-lock\lib\index.js:171:12
    at AsyncLock._promiseTry (C:\Users\dong_\AppData\Roaming\npm\node_modules\appium\node_modules\async-lock\lib\index.js:306:31)
    at exec (C:\Users\dong_\AppData\Roaming\npm\node_modules\appium\node_modules\async-lock\lib\index.js:170:9)
    at AsyncLock.acquire (C:\Users\dong_\AppData\Roaming\npm\node_modules\appium\node_modules\async-lock\lib\index.js:189:3)
    at AndroidUiautomator2Driver.executeCommand (C:\Users\dong_\AppData\Roaming\npm\node_modules\appium\node_modules\@appium\base-driver\build\lib\basedriver\driver.js:161:45)
    at process.processTicksAndRejections (node:internal/process/task_queues:104:5)
    at async defaultBehavior (C:\Users\dong_\AppData\Roaming\npm\node_modules\appium\build\lib\appium.js:587:20)
    at async AppiumDriver.executeWrappedCommand (C:\Users\dong_\AppData\Roaming\npm\node_modules\appium\build\lib\appium.js:694:22)
    at async AppiumDriver.executeCommand (C:\Users\dong_\AppData\Roaming\npm\node_modules\appium\build\lib\appium.js:598:21)
    at async doJwpProxy (C:\Users\dong_\AppData\Roaming\npm\node_modules\appium\node_modules\@appium\base-driver\build\lib\protocol\protocol.js:515:9)
    at async asyncHandler (C:\Users\dong_\AppData\Roaming\npm\node_modules\appium\node_modules\@appium\base-driver\build\lib\protocol\protocol.js:354:21)</status>
</test>
<test id="s1-t112" name="case_109 1+4模板大图推荐位自动播放" line="944">
<doc>首页通栏模板</doc>
<status status="FAIL" start="2026-07-15T09:29:15.056791" elapsed="0.001041">Parent suite setup failed:
WebDriverException: Message: 'POST /wd/hub/session/0cee4a5b-ddd5-4cdd-9c00-a2100b281624/back' cannot be proxied to UiAutomator2 server because the instrumentation process is not running (probably crashed). Check the server log and/or the logcat output for more details
Stacktrace:
InvalidContextError: 'POST /wd/hub/session/0cee4a5b-ddd5-4cdd-9c00-a2100b281624/back' cannot be proxied to UiAutomator2 server because the instrumentation process is not running (probably crashed). Check the server log and/or the logcat output for more details
    at UIA2Proxy.proxyCommand (file:///C:/Users/dong_/.appium/node_modules/appium-uiautomator2-driver/build/lib/uiautomator2-server/core.js:23:19)
    at UIA2Proxy.proxyReqRes (C:\Users\dong_\AppData\Roaming\npm\node_modules\appium\node_modules\@appium\base-driver\build\lib\jsonwp-proxy\proxy.js:327:49)
    at runCommandPromise (C:\Users\dong_\AppData\Roaming\npm\node_modules\appium\node_modules\@appium\base-driver\build\lib\basedriver\driver.js:120:29)
    at C:\Users\dong_\AppData\Roaming\npm\node_modules\appium\node_modules\async-lock\lib\index.js:171:12
    at AsyncLock._promiseTry (C:\Users\dong_\AppData\Roaming\npm\node_modules\appium\node_modules\async-lock\lib\index.js:306:31)
    at exec (C:\Users\dong_\AppData\Roaming\npm\node_modules\appium\node_modules\async-lock\lib\index.js:170:9)
    at AsyncLock.acquire (C:\Users\dong_\AppData\Roaming\npm\node_modules\appium\node_modules\async-lock\lib\index.js:189:3)
    at AndroidUiautomator2Driver.executeCommand (C:\Users\dong_\AppData\Roaming\npm\node_modules\appium\node_modules\@appium\base-driver\build\lib\basedriver\driver.js:161:45)
    at process.processTicksAndRejections (node:internal/process/task_queues:104:5)
    at async defaultBehavior (C:\Users\dong_\AppData\Roaming\npm\node_modules\appium\build\lib\appium.js:587:20)
    at async AppiumDriver.executeWrappedCommand (C:\Users\dong_\AppData\Roaming\npm\node_modules\appium\build\lib\appium.js:694:22)
    at async AppiumDriver.executeCommand (C:\Users\dong_\AppData\Roaming\npm\node_modules\appium\build\lib\appium.js:598:21)
    at async doJwpProxy (C:\Users\dong_\AppData\Roaming\npm\node_modules\appium\node_modules\@appium\base-driver\build\lib\protocol\protocol.js:515:9)
    at async asyncHandler (C:\Users\dong_\AppData\Roaming\npm\node_modules\appium\node_modules\@appium\base-driver\build\lib\protocol\protocol.js:354:21)</status>
</test>
<test id="s1-t113" name="case_110 1+4模板大图自动播放提示覆盖标题" line="956">
<doc>首页通栏模板</doc>
<status status="FAIL" start="2026-07-15T09:29:15.057832" elapsed="0.000000">Parent suite setup failed:
WebDriverException: Message: 'POST /wd/hub/session/0cee4a5b-ddd5-4cdd-9c00-a2100b281624/back' cannot be proxied to UiAutomator2 server because the instrumentation process is not running (probably crashed). Check the server log and/or the logcat output for more details
Stacktrace:
InvalidContextError: 'POST /wd/hub/session/0cee4a5b-ddd5-4cdd-9c00-a2100b281624/back' cannot be proxied to UiAutomator2 server because the instrumentation process is not running (probably crashed). Check the server log and/or the logcat output for more details
    at UIA2Proxy.proxyCommand (file:///C:/Users/dong_/.appium/node_modules/appium-uiautomator2-driver/build/lib/uiautomator2-server/core.js:23:19)
    at UIA2Proxy.proxyReqRes (C:\Users\dong_\AppData\Roaming\npm\node_modules\appium\node_modules\@appium\base-driver\build\lib\jsonwp-proxy\proxy.js:327:49)
    at runCommandPromise (C:\Users\dong_\AppData\Roaming\npm\node_modules\appium\node_modules\@appium\base-driver\build\lib\basedriver\driver.js:120:29)
    at C:\Users\dong_\AppData\Roaming\npm\node_modules\appium\node_modules\async-lock\lib\index.js:171:12
    at AsyncLock._promiseTry (C:\Users\dong_\AppData\Roaming\npm\node_modules\appium\node_modules\async-lock\lib\index.js:306:31)
    at exec (C:\Users\dong_\AppData\Roaming\npm\node_modules\appium\node_modules\async-lock\lib\index.js:170:9)
    at AsyncLock.acquire (C:\Users\dong_\AppData\Roaming\npm\node_modules\appium\node_modules\async-lock\lib\index.js:189:3)
    at AndroidUiautomator2Driver.executeCommand (C:\Users\dong_\AppData\Roaming\npm\node_modules\appium\node_modules\@appium\base-driver\build\lib\basedriver\driver.js:161:45)
    at process.processTicksAndRejections (node:internal/process/task_queues:104:5)
    at async defaultBehavior (C:\Users\dong_\AppData\Roaming\npm\node_modules\appium\build\lib\appium.js:587:20)
    at async AppiumDriver.executeWrappedCommand (C:\Users\dong_\AppData\Roaming\npm\node_modules\appium\build\lib\appium.js:694:22)
    at async AppiumDriver.executeCommand (C:\Users\dong_\AppData\Roaming\npm\node_modules\appium\build\lib\appium.js:598:21)
    at async doJwpProxy (C:\Users\dong_\AppData\Roaming\npm\node_modules\appium\node_modules\@appium\base-driver\build\lib\protocol\protocol.js:515:9)
    at async asyncHandler (C:\Users\dong_\AppData\Roaming\npm\node_modules\appium\node_modules\@appium\base-driver\build\lib\protocol\protocol.js:354:21)</status>
</test>
<kw name="退出应用" owner="公共方法" type="TEARDOWN">
<kw name="解除网络限速" owner="专项测试">
<kw name="Set Variable" owner="BuiltIn">
<msg time="2026-07-15T09:29:15.059043" level="INFO">${adb_net_command1} = tc qdisc del dev eth0 root;tc class del dev eth0 root</msg>
<var>${adb_net_command1}</var>
<arg>tc qdisc del dev eth0 root;tc class del dev eth0 root</arg>
<doc>Returns the given values which can then be assigned to a variables.</doc>
<status status="PASS" start="2026-07-15T09:29:15.059043" elapsed="0.000000"/>
</kw>
<kw name="Adb Shell Command" owner="android_common">
<msg time="2026-07-15T09:29:15.105755" level="INFO">adb.exe: device offline</msg>
<msg time="2026-07-15T09:29:15.105755" level="INFO">${info1} = (b'', b'adb.exe: device offline\r\n')</msg>
<var>${info1}</var>
<arg>${adb_net_command1}</arg>
<status status="PASS" start="2026-07-15T09:29:15.059043" elapsed="0.046712"/>
</kw>
<kw name="Log To Console" owner="BuiltIn">
<arg>关闭限速</arg>
<doc>Logs the given message to the console.</doc>
<status status="PASS" start="2026-07-15T09:29:15.105755" elapsed="0.000000"/>
</kw>
<kw name="等待" owner="公共方法">
<kw name="Sleep" owner="BuiltIn">
<arg>${sec}</arg>
<doc>Pauses the test executed for the given time.</doc>
<status status="FAIL" start="2026-07-15T09:29:15.106795" elapsed="2.040793">Execution terminated by signal</status>
</kw>
<kw name="Log To Console" owner="BuiltIn">
<arg>等待${sec}秒</arg>
<doc>Logs the given message to the console.</doc>
<status status="NOT RUN" start="2026-07-15T09:29:17.147588" elapsed="0.000000"/>
</kw>
<arg>${time}</arg>
<status status="FAIL" start="2026-07-15T09:29:15.106795" elapsed="2.040793">Execution terminated by signal</status>
</kw>
<doc>网络限速配置</doc>
<status status="FAIL" start="2026-07-15T09:29:15.059043" elapsed="2.088545">Execution terminated by signal</status>
</kw>
<kw name="Run Keyword And Return Status" owner="BuiltIn">
<var>${status_value}</var>
<arg>Close Application</arg>
<doc>Runs the specified keyword and returns the status as a Boolean value.</doc>
<status status="NOT RUN" start="2026-07-15T09:29:17.148111" elapsed="0.000000"/>
</kw>
<kw name="Run Keyword If" owner="BuiltIn">
<arg>${status_value}</arg>
<arg>log</arg>
<arg>应用关闭成功</arg>
<arg>ELSE</arg>
<arg>log</arg>
<arg>应用关闭失败</arg>
<doc>Runs the given keyword with the given arguments, if ``condition`` is true.</doc>
<status status="NOT RUN" start="2026-07-15T09:29:17.148111" elapsed="0.000000"/>
</kw>
<doc>盒端退出应用程序</doc>
<status status="FAIL" start="2026-07-15T09:29:15.059043" elapsed="2.089068">Execution terminated by signal</status>
</kw>
<doc>Suite description</doc>
<status status="FAIL" start="2026-07-15T09:27:58.794988" elapsed="78.353123">Suite setup failed:
WebDriverException: Message: 'POST /wd/hub/session/0cee4a5b-ddd5-4cdd-9c00-a2100b281624/back' cannot be proxied to UiAutomator2 server because the instrumentation process is not running (probably crashed). Check the server log and/or the logcat output for more details
Stacktrace:
InvalidContextError: 'POST /wd/hub/session/0cee4a5b-ddd5-4cdd-9c00-a2100b281624/back' cannot be proxied to UiAutomator2 server because the instrumentation process is not running (probably crashed). Check the server log and/or the logcat output for more details
    at UIA2Proxy.proxyCommand (file:///C:/Users/dong_/.appium/node_modules/appium-uiautomator2-driver/build/lib/uiautomator2-server/core.js:23:19)
    at UIA2Proxy.proxyReqRes (C:\Users\dong_\AppData\Roaming\npm\node_modules\appium\node_modules\@appium\base-driver\build\lib\jsonwp-proxy\proxy.js:327:49)
    at runCommandPromise (C:\Users\dong_\AppData\Roaming\npm\node_modules\appium\node_modules\@appium\base-driver\build\lib\basedriver\driver.js:120:29)
    at C:\Users\dong_\AppData\Roaming\npm\node_modules\appium\node_modules\async-lock\lib\index.js:171:12
    at AsyncLock._promiseTry (C:\Users\dong_\AppData\Roaming\npm\node_modules\appium\node_modules\async-lock\lib\index.js:306:31)
    at exec (C:\Users\dong_\AppData\Roaming\npm\node_modules\appium\node_modules\async-lock\lib\index.js:170:9)
    at AsyncLock.acquire (C:\Users\dong_\AppData\Roaming\npm\node_modules\appium\node_modules\async-lock\lib\index.js:189:3)
    at AndroidUiautomator2Driver.executeCommand (C:\Users\dong_\AppData\Roaming\npm\node_modules\appium\node_modules\@appium\base-driver\build\lib\basedriver\driver.js:161:45)
    at process.processTicksAndRejections (node:internal/process/task_queues:104:5)
    at async defaultBehavior (C:\Users\dong_\AppData\Roaming\npm\node_modules\appium\build\lib\appium.js:587:20)
    at async AppiumDriver.executeWrappedCommand (C:\Users\dong_\AppData\Roaming\npm\node_modules\appium\build\lib\appium.js:694:22)
    at async AppiumDriver.executeCommand (C:\Users\dong_\AppData\Roaming\npm\node_modules\appium\build\lib\appium.js:598:21)
    at async doJwpProxy (C:\Users\dong_\AppData\Roaming\npm\node_modules\appium\node_modules\@appium\base-driver\build\lib\protocol\protocol.js:515:9)
    at async asyncHandler (C:\Users\dong_\AppData\Roaming\npm\node_modules\appium\node_modules\@appium\base-driver\build\lib\protocol\protocol.js:354:21)

Also suite teardown failed:
Execution terminated by signal</status>
</suite>
<statistics>
<total>
<stat pass="0" fail="113" skip="0">All Tests</stat>
</total>
<tag>
<stat pass="0" fail="26" skip="0">smoke</stat>
</tag>
<suite>
<stat name="DP_AutoTest" id="s1" pass="0" fail="113" skip="0">DP_AutoTest</stat>
</suite>
</statistics>
<errors>
</errors>
</robot>
