<?xml version="1.0" encoding="UTF-8"?>
<robot generator="Robot 6.0.2 (Python 3.9.13 on win32)" generated="20260701 18:52:25.931" rpa="false" schemaversion="3">
<suite id="s1" name="DP_AutoTest" source="D:\WorkCode\DP\DP_AutoTest\IPTV_HENANYD_72\测试用例\功能测试\01_首页模板功能\测试.robot">
<kw name="启动应用" library="公共方法" type="SETUP">
<doc>盒端启用应用程序</doc>
<kw name="Register Keyword To Run On Failure" library="AppiumLibrary">
<arg>Nothing</arg>
<doc>Sets the keyword to execute when a AppiumLibrary keyword fails.</doc>
<msg timestamp="20260701 18:52:26.084" level="INFO">Nothing will be run on failure.</msg>
<status status="PASS" starttime="20260701 18:52:26.080" endtime="20260701 18:52:26.084"/>
</kw>
<kw name="Run Keyword If" library="BuiltIn">
<arg>${reconnet}==1</arg>
<arg>重新连接设备</arg>
<doc>Runs the given keyword with the given arguments, if ``condition`` is true.</doc>
<status status="PASS" starttime="20260701 18:52:26.084" endtime="20260701 18:52:26.084"/>
</kw>
<kw name="解除网络限速" library="专项测试">
<doc>网络限速配置</doc>
<kw name="Set Variable" library="BuiltIn">
<var>${adb_net_command1}</var>
<arg>tc qdisc del dev eth0 root;tc class del dev eth0 root</arg>
<doc>Returns the given values which can then be assigned to a variables.</doc>
<msg timestamp="20260701 18:52:26.085" level="INFO">${adb_net_command1} = tc qdisc del dev eth0 root;tc class del dev eth0 root</msg>
<status status="PASS" starttime="20260701 18:52:26.085" endtime="20260701 18:52:26.085"/>
</kw>
<kw name="Adb Shell Command" library="android_common">
<var>${info1}</var>
<arg>${adb_net_command1}</arg>
<msg timestamp="20260701 18:52:26.369" level="INFO">RTNETLINK answers: No such file or directory
RTNETLINK answers: No such file or directory</msg>
<msg timestamp="20260701 18:52:26.369" level="INFO">${info1} = (b'', b'RTNETLINK answers: No such file or directory\r\nRTNETLINK answers: No such file or directory\r\n')</msg>
<status status="PASS" starttime="20260701 18:52:26.085" endtime="20260701 18:52:26.369"/>
</kw>
<kw name="Log To Console" library="BuiltIn">
<arg>关闭限速</arg>
<doc>Logs the given message to the console.</doc>
<status status="PASS" starttime="20260701 18:52:26.369" endtime="20260701 18:52:26.369"/>
</kw>
<kw name="等待" library="公共方法">
<arg>${time}</arg>
<kw name="Sleep" library="BuiltIn">
<arg>${sec}</arg>
<doc>Pauses the test executed for the given time.</doc>
<msg timestamp="20260701 18:52:31.372" level="INFO">Slept 5 seconds</msg>
<status status="PASS" starttime="20260701 18:52:26.370" endtime="20260701 18:52:31.372"/>
</kw>
<status status="PASS" starttime="20260701 18:52:26.369" endtime="20260701 18:52:31.372"/>
</kw>
<status status="PASS" starttime="20260701 18:52:26.085" endtime="20260701 18:52:31.372"/>
</kw>
<for flavor="IN RANGE">
<var>${i}</var>
<value>3</value>
<iter>
<var name="${i}">0</var>
<kw name="清除历史上报数据" library="公共方法">
<doc>清除历史上报的数据</doc>
<kw name="Delete Data" library="TestLibrary">
<arg>${platform}</arg>
<status status="PASS" starttime="20260701 18:52:31.372" endtime="20260701 18:52:31.384"/>
</kw>
<status status="PASS" starttime="20260701 18:52:31.372" endtime="20260701 18:52:31.384"/>
</kw>
<kw name="清除设备缓存" library="公共方法">
<doc>清除设备缓存</doc>
<kw name="Set Variable" library="BuiltIn">
<var>${adb_clear_sync}</var>
<arg>adb shell sync</arg>
<doc>Returns the given values which can then be assigned to a variables.</doc>
<msg timestamp="20260701 18:52:31.385" level="INFO">${adb_clear_sync} = adb shell sync</msg>
<status status="PASS" starttime="20260701 18:52:31.385" endtime="20260701 18:52:31.385"/>
</kw>
<kw name="Set Variable" library="BuiltIn">
<var>${adb_clear_cache}</var>
<arg>adb shell "echo 3 &gt; /proc/sys/vm/drop_caches"</arg>
<doc>Returns the given values which can then be assigned to a variables.</doc>
<msg timestamp="20260701 18:52:31.385" level="INFO">${adb_clear_cache} = adb shell "echo 3 &gt; /proc/sys/vm/drop_caches"</msg>
<status status="PASS" starttime="20260701 18:52:31.385" endtime="20260701 18:52:31.385"/>
</kw>
<kw name="Set Variable" library="BuiltIn">
<var>${adb_pm_clear}</var>
<arg>adb shell pm clear ${app_package}</arg>
<doc>Returns the given values which can then be assigned to a variables.</doc>
<msg timestamp="20260701 18:52:31.385" level="INFO">${adb_pm_clear} = adb shell pm clear com.huawei.tvbox</msg>
<status status="PASS" starttime="20260701 18:52:31.385" endtime="20260701 18:52:31.385"/>
</kw>
<kw name="Cmd Command" library="android_common">
<var>${info0}</var>
<arg>${adb_clear_sync}</arg>
<msg timestamp="20260701 18:52:31.527" level="INFO">${info0} = </msg>
<status status="PASS" starttime="20260701 18:52:31.385" endtime="20260701 18:52:31.527"/>
</kw>
<kw name="Cmd Command" library="android_common">
<var>${info1}</var>
<arg>${adb_clear_cache}</arg>
<msg timestamp="20260701 18:52:31.793" level="INFO">${info1} = </msg>
<status status="PASS" starttime="20260701 18:52:31.527" endtime="20260701 18:52:31.793"/>
</kw>
<kw name="Run Keyword If" library="BuiltIn">
<var>${info2}</var>
<arg>${plugin_apk}==0 and ${hotup_apk}==0</arg>
<arg>cmd command</arg>
<arg>${adb_pm_clear}</arg>
<arg>ELSE</arg>
<arg>log to console</arg>
<arg>不清空缓存</arg>
<doc>Runs the given keyword with the given arguments, if ``condition`` is true.</doc>
<kw name="Cmd Command" library="android_common">
<arg>${adb_pm_clear}</arg>
<status status="PASS" starttime="20260701 18:52:31.793" endtime="20260701 18:52:32.368"/>
</kw>
<msg timestamp="20260701 18:52:32.368" level="INFO">${info2} = Success
</msg>
<status status="PASS" starttime="20260701 18:52:31.793" endtime="20260701 18:52:32.368"/>
</kw>
<kw name="Run Keyword If" library="BuiltIn">
<arg>${force_reboot}!=0</arg>
<arg>强制重启应用</arg>
<arg>ELSE</arg>
<arg>log to console</arg>
<arg>不强制重启应用</arg>
<doc>Runs the given keyword with the given arguments, if ``condition`` is true.</doc>
<kw name="Log To Console" library="BuiltIn">
<arg>不强制重启应用</arg>
<doc>Logs the given message to the console.</doc>
<status status="PASS" starttime="20260701 18:52:32.369" endtime="20260701 18:52:32.369"/>
</kw>
<status status="PASS" starttime="20260701 18:52:32.368" endtime="20260701 18:52:32.369"/>
</kw>
<status status="PASS" starttime="20260701 18:52:31.385" endtime="20260701 18:52:32.369"/>
</kw>
<kw name="home键" library="遥控按键">
<kw name="Run Keyword And Return Status" library="BuiltIn">
<arg>Press Keycode</arg>
<arg>3</arg>
<doc>Runs the given keyword with given arguments and returns the status as a Boolean value.</doc>
<kw name="Press Keycode" library="AppiumLibrary">
<arg>3</arg>
<doc>Sends a press of keycode to the device.</doc>
<msg timestamp="20260701 18:52:32.369" level="FAIL">No application is open</msg>
<status status="FAIL" starttime="20260701 18:52:32.369" endtime="20260701 18:52:32.370"/>
</kw>
<status status="PASS" starttime="20260701 18:52:32.369" endtime="20260701 18:52:32.370"/>
</kw>
<kw name="Sleep" library="BuiltIn">
<arg>2</arg>
<doc>Pauses the test executed for the given time.</doc>
<msg timestamp="20260701 18:52:34.377" level="INFO">Slept 2 seconds</msg>
<status status="PASS" starttime="20260701 18:52:32.370" endtime="20260701 18:52:34.377"/>
</kw>
<status status="PASS" starttime="20260701 18:52:32.369" endtime="20260701 18:52:34.377"/>
</kw>
<kw name="Log To Console" library="BuiltIn">
<arg>按了home键</arg>
<doc>Logs the given message to the console.</doc>
<status status="PASS" starttime="20260701 18:52:34.377" endtime="20260701 18:52:34.377"/>
</kw>
<kw name="等待" library="公共方法">
<arg>15</arg>
<kw name="Sleep" library="BuiltIn">
<arg>${sec}</arg>
<doc>Pauses the test executed for the given time.</doc>
<msg timestamp="20260701 18:52:49.383" level="INFO">Slept 15 seconds</msg>
<status status="PASS" starttime="20260701 18:52:34.377" endtime="20260701 18:52:49.383"/>
</kw>
<status status="PASS" starttime="20260701 18:52:34.377" endtime="20260701 18:52:49.383"/>
</kw>
<kw name="Open Application" library="AppiumLibrary">
<arg>http://${appium_server}/wd/hub</arg>
<arg>deviceName=${device_id}</arg>
<arg>platformName=Android</arg>
<arg>platformVersion=${platform_version}</arg>
<arg>appPackage=${appPackage}</arg>
<arg>noReset=true appActivity=${appActivity} appWaitActivity=${appActivity}</arg>
<arg>newCommandTimeout=1200</arg>
<arg>automationName=${automationName}</arg>
<arg>unicodeKeyboard=false</arg>
<arg>resetKeyboard=false</arg>
<arg>noReset=${noReset}</arg>
<arg>skipServerInstallation=true</arg>
<arg>skipDeviceInitialization=true</arg>
<doc>Opens a new application to given Appium server.
Capabilities of appium server, Android and iOS,
Please check https://github.com/appium/appium/blob/master/docs/en/writing-running-appium/server-args.md
| *Option*            | *Man.* | *Description*     |
| remote_url          | Yes    | Appium server url |
| alias               | no     | alias             |
| strict_ssl          | No     | allows you to send commands to an invalid certificate host like a self-signed one. |</doc>
<msg timestamp="20260701 18:52:49.408" level="FAIL">WebDriverException: Message: Neither ANDROID_HOME nor ANDROID_SDK_ROOT environment variable was exported. Read https://developer.android.com/studio/command-line/variables for more details
Stacktrace:
UnknownError: Neither ANDROID_HOME nor ANDROID_SDK_ROOT environment variable was exported. Read https://developer.android.com/studio/command-line/variables for more details
    at getResponseForW3CError (C:\Users\dong_\AppData\Roaming\npm\node_modules\appium\node_modules\@appium\base-driver\build\lib\protocol\errors.js:846:36)
    at asyncHandler (C:\Users\dong_\AppData\Roaming\npm\node_modules\appium\node_modules\@appium\base-driver\build\lib\protocol\protocol.js:485:77)
The above error is caused by
Error: Neither ANDROID_HOME nor ANDROID_SDK_ROOT environment variable was exported. Read https://developer.android.com/studio/command-line/variables for more details
    at requireSdkRoot (C:\Users\dong_\.appium\node_modules\appium-uiautomator2-driver\node_modules\appium-adb\build\lib\utils\helpers\sdk.js:29:15)
    at ADB.createADB (C:\Users\dong_\.appium\node_modules\appium-uiautomator2-driver\node_modules\appium-adb\build\lib\adb.js:361:56)
    at AndroidUiautomator2Driver.createBaseADB (C:\Users\dong_\.appium\node_modules\appium-uiautomator2-driver\node_modules\appium-android-driver\build\lib\commands\device\utils.js:126:35)
    at AndroidUiautomator2Driver.getDeviceInfoFromCaps (C:\Users\dong_\.appium\node_modules\appium-uiautomator2-driver\node_modules\appium-android-driver\build\lib\commands\device\common.js:63:55)
    at AndroidUiautomator2Driver.createSession (file:///C:/Users/dong_/.appium/node_modules/appium-uiautomator2-driver/build/lib/driver.js:271:49)
    at async AppiumDriver.createSession (C:\Users\dong_\AppData\Roaming\npm\node_modules\appium\build\lib\appium.js:271:44)
    at async runCommandPromise (C:\Users\dong_\AppData\Roaming\npm\node_modules\appium\node_modules\@appium\base-driver\build\lib\basedriver\driver.js:119:24)
    at async AppiumDriver.executeCommand (C:\Users\dong_\AppData\Roaming\npm\node_modules\appium\node_modules\@appium\base-driver\build\lib\basedriver\driver.js:162:15)
    at async defaultBehavior (C:\Users\dong_\AppData\Roaming\npm\node_modules\appium\build\lib\appium.js:582:24)
    at async AppiumDriver.executeWrappedCommand (C:\Users\dong_\AppData\Roaming\npm\node_modules\appium\build\lib\appium.js:694:22)
    at async AppiumDriver.executeCommand (C:\Users\dong_\AppData\Roaming\npm\node_modules\appium\build\lib\appium.js:598:21)
    at async asyncHandler (C:\Users\dong_\AppData\Roaming\npm\node_modules\appium\node_modules\@appium\base-driver\build\lib\protocol\protocol.js:401:25)</msg>
<status status="FAIL" starttime="20260701 18:52:49.383" endtime="20260701 18:52:49.409"/>
</kw>
<kw name="Run Keyword If" library="BuiltIn">
<arg>${zhengqi_apk}!=0</arg>
<arg>home键</arg>
<doc>Runs the given keyword with the given arguments, if ``condition`` is true.</doc>
<status status="NOT RUN" starttime="20260701 18:52:49.409" endtime="20260701 18:52:49.409"/>
</kw>
<kw name="Log To Console" library="BuiltIn">
<arg>按了home键</arg>
<doc>Logs the given message to the console.</doc>
<status status="NOT RUN" starttime="20260701 18:52:49.409" endtime="20260701 18:52:49.409"/>
</kw>
<kw name="Run Keyword If" library="BuiltIn">
<arg>${zhengqi_apk}!=0</arg>
<arg>从政企进入首页</arg>
<doc>Runs the given keyword with the given arguments, if ``condition`` is true.</doc>
<status status="NOT RUN" starttime="20260701 18:52:49.409" endtime="20260701 18:52:49.409"/>
</kw>
<kw name="检查是否进入首页并关闭广告" library="公共方法">
<status status="NOT RUN" starttime="20260701 18:52:49.409" endtime="20260701 18:52:49.409"/>
</kw>
<kw name="Run Keyword And Return Status" library="BuiltIn">
<var>${statusValue1}</var>
<arg>等待页面出现内容描述信息</arg>
<arg>少儿频道</arg>
<arg>1</arg>
<doc>Runs the given keyword with given arguments and returns the status as a Boolean value.</doc>
<status status="NOT RUN" starttime="20260701 18:52:49.409" endtime="20260701 18:52:49.409"/>
</kw>
<kw name="Run Keyword And Return Status" library="BuiltIn">
<var>${statusValue2}</var>
<arg>等待页面出现内容描述信息</arg>
<arg>电竞</arg>
<arg>1</arg>
<doc>Runs the given keyword with given arguments and returns the status as a Boolean value.</doc>
<status status="NOT RUN" starttime="20260701 18:52:49.409" endtime="20260701 18:52:49.409"/>
</kw>
<kw name="Run Keyword And Return Status" library="BuiltIn">
<var>${statusValue3}</var>
<arg>等待页面出现内容描述信息</arg>
<arg>二级菜单</arg>
<arg>1</arg>
<doc>Runs the given keyword with given arguments and returns the status as a Boolean value.</doc>
<status status="NOT RUN" starttime="20260701 18:52:49.409" endtime="20260701 18:52:49.409"/>
</kw>
<kw name="Run Keyword If" library="BuiltIn">
<arg>${statusValue1}==True and ${statusValue2}==True and ${statusValue3}==True</arg>
<arg>exit for loop</arg>
<arg>ELSE</arg>
<arg>Run Keywords</arg>
<arg>log to console</arg>
<arg>启动异常，重新启动</arg>
<arg>AND</arg>
<arg>设置本地映射</arg>
<arg>enable</arg>
<arg>AND</arg>
<arg>退出应用</arg>
<doc>Runs the given keyword with the given arguments, if ``condition`` is true.</doc>
<status status="NOT RUN" starttime="20260701 18:52:49.409" endtime="20260701 18:52:49.410"/>
</kw>
<status status="FAIL" starttime="20260701 18:52:31.372" endtime="20260701 18:52:49.410"/>
</iter>
<status status="FAIL" starttime="20260701 18:52:31.372" endtime="20260701 18:52:49.410"/>
</for>
<status status="FAIL" starttime="20260701 18:52:26.080" endtime="20260701 18:52:49.410"/>
</kw>
<test id="s1-t1" name=" case_005 新直播居中模板页面检查" line="14">
<doc>首页通栏模板-新直播居中模板 common_live_mid2_template</doc>
<tag>smoke</tag>
<status status="FAIL" starttime="20260701 18:52:49.410" endtime="20260701 18:52:49.411">Parent suite setup failed:
WebDriverException: Message: Neither ANDROID_HOME nor ANDROID_SDK_ROOT environment variable was exported. Read https://developer.android.com/studio/command-line/variables for more details
Stacktrace:
UnknownError: Neither ANDROID_HOME nor ANDROID_SDK_ROOT environment variable was exported. Read https://developer.android.com/studio/command-line/variables for more details
    at getResponseForW3CError (C:\Users\dong_\AppData\Roaming\npm\node_modules\appium\node_modules\@appium\base-driver\build\lib\protocol\errors.js:846:36)
    at asyncHandler (C:\Users\dong_\AppData\Roaming\npm\node_modules\appium\node_modules\@appium\base-driver\build\lib\protocol\protocol.js:485:77)
The above error is caused by
Error: Neither ANDROID_HOME nor ANDROID_SDK_ROOT environment variable was exported. Read https://developer.android.com/studio/command-line/variables for more details
    at requireSdkRoot (C:\Users\dong_\.appium\node_modules\appium-uiautomator2-driver\node_modules\appium-adb\build\lib\utils\helpers\sdk.js:29:15)
    at ADB.createADB (C:\Users\dong_\.appium\node_modules\appium-uiautomator2-driver\node_modules\appium-adb\build\lib\adb.js:361:56)
    at AndroidUiautomator2Driver.createBaseADB (C:\Users\dong_\.appium\node...
    [ Message content over the limit has been removed. ]
...nfoFromCaps (C:\Users\dong_\.appium\node_modules\appium-uiautomator2-driver\node_modules\appium-android-driver\build\lib\commands\device\common.js:63:55)
    at AndroidUiautomator2Driver.createSession (file:///C:/Users/dong_/.appium/node_modules/appium-uiautomator2-driver/build/lib/driver.js:271:49)
    at async AppiumDriver.createSession (C:\Users\dong_\AppData\Roaming\npm\node_modules\appium\build\lib\appium.js:271:44)
    at async runCommandPromise (C:\Users\dong_\AppData\Roaming\npm\node_modules\appium\node_modules\@appium\base-driver\build\lib\basedriver\driver.js:119:24)
    at async AppiumDriver.executeCommand (C:\Users\dong_\AppData\Roaming\npm\node_modules\appium\node_modules\@appium\base-driver\build\lib\basedriver\driver.js:162:15)
    at async defaultBehavior (C:\Users\dong_\AppData\Roaming\npm\node_modules\appium\build\lib\appium.js:582:24)
    at async AppiumDriver.executeWrappedCommand (C:\Users\dong_\AppData\Roaming\npm\node_modules\appium\build\lib\appium.js:694:22)
    at async AppiumDriver.executeCommand (C:\Users\dong_\AppData\Roaming\npm\node_modules\appium\build\lib\appium.js:598:21)
    at async asyncHandler (C:\Users\dong_\AppData\Roaming\npm\node_modules\appium\node_modules\@appium\base-driver\build\lib\protocol\protocol.js:401:25)</status>
</test>
<kw name="退出应用" library="公共方法" type="TEARDOWN">
<doc>盒端退出应用程序</doc>
<kw name="解除网络限速" library="专项测试">
<doc>网络限速配置</doc>
<kw name="Set Variable" library="BuiltIn">
<var>${adb_net_command1}</var>
<arg>tc qdisc del dev eth0 root;tc class del dev eth0 root</arg>
<doc>Returns the given values which can then be assigned to a variables.</doc>
<msg timestamp="20260701 18:52:49.411" level="INFO">${adb_net_command1} = tc qdisc del dev eth0 root;tc class del dev eth0 root</msg>
<status status="PASS" starttime="20260701 18:52:49.411" endtime="20260701 18:52:49.411"/>
</kw>
<kw name="Adb Shell Command" library="android_common">
<var>${info1}</var>
<arg>${adb_net_command1}</arg>
<msg timestamp="20260701 18:52:49.628" level="INFO">RTNETLINK answers: No such file or directory
RTNETLINK answers: No such file or directory</msg>
<msg timestamp="20260701 18:52:49.630" level="INFO">${info1} = (b'', b'RTNETLINK answers: No such file or directory\r\nRTNETLINK answers: No such file or directory\r\n')</msg>
<status status="PASS" starttime="20260701 18:52:49.411" endtime="20260701 18:52:49.630"/>
</kw>
<kw name="Log To Console" library="BuiltIn">
<arg>关闭限速</arg>
<doc>Logs the given message to the console.</doc>
<status status="PASS" starttime="20260701 18:52:49.630" endtime="20260701 18:52:49.630"/>
</kw>
<kw name="等待" library="公共方法">
<arg>${time}</arg>
<kw name="Sleep" library="BuiltIn">
<arg>${sec}</arg>
<doc>Pauses the test executed for the given time.</doc>
<msg timestamp="20260701 18:52:54.634" level="INFO">Slept 5 seconds</msg>
<status status="PASS" starttime="20260701 18:52:49.630" endtime="20260701 18:52:54.634"/>
</kw>
<status status="PASS" starttime="20260701 18:52:49.630" endtime="20260701 18:52:54.634"/>
</kw>
<status status="PASS" starttime="20260701 18:52:49.411" endtime="20260701 18:52:54.634"/>
</kw>
<kw name="Run Keyword And Return Status" library="BuiltIn">
<var>${status_value}</var>
<arg>Close Application</arg>
<doc>Runs the given keyword with given arguments and returns the status as a Boolean value.</doc>
<kw name="Close Application" library="AppiumLibrary">
<doc>Closes the current application and also close webdriver session.</doc>
<msg timestamp="20260701 18:52:54.634" level="FAIL">No application is open</msg>
<status status="FAIL" starttime="20260701 18:52:54.634" endtime="20260701 18:52:54.634"/>
</kw>
<msg timestamp="20260701 18:52:54.634" level="INFO">${status_value} = False</msg>
<status status="PASS" starttime="20260701 18:52:54.634" endtime="20260701 18:52:54.634"/>
</kw>
<kw name="Run Keyword If" library="BuiltIn">
<arg>${status_value}</arg>
<arg>log</arg>
<arg>应用关闭成功</arg>
<arg>ELSE</arg>
<arg>log</arg>
<arg>应用关闭失败</arg>
<doc>Runs the given keyword with the given arguments, if ``condition`` is true.</doc>
<kw name="Log" library="BuiltIn">
<arg>应用关闭失败</arg>
<doc>Logs the given message with the given level.</doc>
<msg timestamp="20260701 18:52:54.634" level="INFO">应用关闭失败</msg>
<status status="PASS" starttime="20260701 18:52:54.634" endtime="20260701 18:52:54.634"/>
</kw>
<status status="PASS" starttime="20260701 18:52:54.634" endtime="20260701 18:52:54.634"/>
</kw>
<status status="PASS" starttime="20260701 18:52:49.411" endtime="20260701 18:52:54.636"/>
</kw>
<doc>Suite description</doc>
<status status="FAIL" starttime="20260701 18:52:25.932" endtime="20260701 18:52:54.636">Suite setup failed:
WebDriverException: Message: Neither ANDROID_HOME nor ANDROID_SDK_ROOT environment variable was exported. Read https://developer.android.com/studio/command-line/variables for more details
Stacktrace:
UnknownError: Neither ANDROID_HOME nor ANDROID_SDK_ROOT environment variable was exported. Read https://developer.android.com/studio/command-line/variables for more details
    at getResponseForW3CError (C:\Users\dong_\AppData\Roaming\npm\node_modules\appium\node_modules\@appium\base-driver\build\lib\protocol\errors.js:846:36)
    at asyncHandler (C:\Users\dong_\AppData\Roaming\npm\node_modules\appium\node_modules\@appium\base-driver\build\lib\protocol\protocol.js:485:77)
The above error is caused by
Error: Neither ANDROID_HOME nor ANDROID_SDK_ROOT environment variable was exported. Read https://developer.android.com/studio/command-line/variables for more details
    at requireSdkRoot (C:\Users\dong_\.appium\node_modules\appium-uiautomator2-driver\node_modules\appium-adb\build\lib\utils\helpers\sdk.js:29:15)
    at ADB.createADB (C:\Users\dong_\.appium\node_modules\appium-uiautomator2-driver\node_modules\appium-adb\build\lib\adb.js:361:56)
    at AndroidUiautomator2Driver.createBaseADB (C:\Users\dong_\.appium\node...
    [ Message content over the limit has been removed. ]
...nfoFromCaps (C:\Users\dong_\.appium\node_modules\appium-uiautomator2-driver\node_modules\appium-android-driver\build\lib\commands\device\common.js:63:55)
    at AndroidUiautomator2Driver.createSession (file:///C:/Users/dong_/.appium/node_modules/appium-uiautomator2-driver/build/lib/driver.js:271:49)
    at async AppiumDriver.createSession (C:\Users\dong_\AppData\Roaming\npm\node_modules\appium\build\lib\appium.js:271:44)
    at async runCommandPromise (C:\Users\dong_\AppData\Roaming\npm\node_modules\appium\node_modules\@appium\base-driver\build\lib\basedriver\driver.js:119:24)
    at async AppiumDriver.executeCommand (C:\Users\dong_\AppData\Roaming\npm\node_modules\appium\node_modules\@appium\base-driver\build\lib\basedriver\driver.js:162:15)
    at async defaultBehavior (C:\Users\dong_\AppData\Roaming\npm\node_modules\appium\build\lib\appium.js:582:24)
    at async AppiumDriver.executeWrappedCommand (C:\Users\dong_\AppData\Roaming\npm\node_modules\appium\build\lib\appium.js:694:22)
    at async AppiumDriver.executeCommand (C:\Users\dong_\AppData\Roaming\npm\node_modules\appium\build\lib\appium.js:598:21)
    at async asyncHandler (C:\Users\dong_\AppData\Roaming\npm\node_modules\appium\node_modules\@appium\base-driver\build\lib\protocol\protocol.js:401:25)</status>
</suite>
<statistics>
<total>
<stat pass="0" fail="1" skip="0">All Tests</stat>
</total>
<tag>
<stat pass="0" fail="1" skip="0">smoke</stat>
</tag>
<suite>
<stat pass="0" fail="1" skip="0" id="s1" name="DP_AutoTest">DP_AutoTest</stat>
</suite>
</statistics>
<errors>
</errors>
</robot>
